-- ignore option cache	
WARNING: unknown option/argument: save IGNORING for DIRECTORY NAME	
-- ignore option optimState	
-- ignore option retrain	
{
  cudnn : "fastest"
  txtimg : "../data/rendout/tmp_y144_x256_aug/lists/img.txt"
  cache : "../save/"
  t : "PR_fcn"
  batchSize : 4
  resume : "none"
  epochSize : 75000
  nDonkeys : 2
  W : 64
  save : "/home/namhoon/develop/PoseRegression/save/PR_fcn/option/t_MonApr414:14:562016"
  LR : 0.01
  nTestData : 1000
  optimState : "none"
  txtjsdc : "../data/rendout/tmp_y144_x256_aug/lists/jsdc.txt"
  nGPU : 1
  depth : 18
  netType : "sposenet"
  H : 128
  dataset : "towncenter"
  epochNumber : 1
  shareGradInput : "false"
  nTrainData : 300000
  weightDecay : 0.0005
  nEpochs : 50
  nJoints : 27
  GPU : 1
  backend : "cudnn"
  momentum : 0.9
  retrain : "none"
}
=> Creating model from file: models/sposenet.lua	
 | sposeNet .. towncenter	
Loaded mean and std from cache.
Loaded mean and std from cache.
--TRAIN STARTS..	
Ep. [1/50][1/75000] Time(s): 5.23  batch err: 0.5704641 | dataLoadTime: 1.219 | mem: 2883.44	
Ep. [1/50][2/75000] Time(s): 5.24  batch err: 0.5446727 | dataLoadTime: 0.005 | mem: 2945.28	
Ep. [1/50][3/75000] Time(s): 5.28  batch err: 0.5038400 | dataLoadTime: 0.005 | mem: 2957.61	
Ep. [1/50][4/75000] Time(s): 5.27  batch err: 0.4579202 | dataLoadTime: 0.005 | mem: 2963.34	
Ep. [1/50][5/75000] Time(s): 5.28  batch err: 0.4128055 | dataLoadTime: 0.005 | mem: 2964.63	
Ep. [1/50][6/75000] Time(s): 5.54  batch err: 0.3941774 | dataLoadTime: 0.005 | mem: 2967.16	
Ep. [1/50][7/75000] Time(s): 5.68  batch err: 0.3683037 | dataLoadTime: 0.005 | mem: 2969.90	
Ep. [1/50][8/75000] Time(s): 5.68  batch err: 0.3546994 | dataLoadTime: 0.005 | mem: 2973.48	
Ep. [1/50][9/75000] Time(s): 5.64  batch err: 0.3432710 | dataLoadTime: 0.005 | mem: 2976.07	
Ep. [1/50][10/75000] Time(s): 5.63  batch err: 0.3395803 | dataLoadTime: 0.005 | mem: 2978.45	
Ep. [1/50][11/75000] Time(s): 5.64  batch err: 0.3333271 | dataLoadTime: 0.005 | mem: 2985.35	
Ep. [1/50][12/75000] Time(s): 5.71  batch err: 0.3167088 | dataLoadTime: 0.005 | mem: 2986.52	
Ep. [1/50][13/75000] Time(s): 5.97  batch err: 0.3098740 | dataLoadTime: 0.005 | mem: 2986.85	
Ep. [1/50][14/75000] Time(s): 5.78  batch err: 0.2944791 | dataLoadTime: 0.005 | mem: 2987.47	
Ep. [1/50][15/75000] Time(s): 5.78  batch err: 0.2835145 | dataLoadTime: 0.005 | mem: 2988.70	
Ep. [1/50][16/75000] Time(s): 5.78  batch err: 0.2779579 | dataLoadTime: 0.005 | mem: 2989.42	
Ep. [1/50][17/75000] Time(s): 5.63  batch err: 0.2636191 | dataLoadTime: 0.005 | mem: 2990.54	
Ep. [1/50][18/75000] Time(s): 5.62  batch err: 0.2564353 | dataLoadTime: 0.005 | mem: 2992.38	
Ep. [1/50][19/75000] Time(s): 5.63  batch err: 0.2463686 | dataLoadTime: 0.005 | mem: 2993.03	
Ep. [1/50][20/75000] Time(s): 5.65  batch err: 0.2400238 | dataLoadTime: 0.005 | mem: 2993.27	
Ep. [1/50][21/75000] Time(s): 5.63  batch err: 0.2416609 | dataLoadTime: 0.005 | mem: 2993.43	
Ep. [1/50][22/75000] Time(s): 5.72  batch err: 0.2352082 | dataLoadTime: 0.005 | mem: 2993.43	
Ep. [1/50][23/75000] Time(s): 5.76  batch err: 0.2362996 | dataLoadTime: 0.005 | mem: 2993.59	
Ep. [1/50][24/75000] Time(s): 5.66  batch err: 0.2183043 | dataLoadTime: 0.005 | mem: 2993.58	
Ep. [1/50][25/75000] Time(s): 5.64  batch err: 0.2160781 | dataLoadTime: 0.005 | mem: 2994.48	
Ep. [1/50][26/75000] Time(s): 5.65  batch err: 0.2194715 | dataLoadTime: 0.005 | mem: 2994.48	
Ep. [1/50][27/75000] Time(s): 5.65  batch err: 0.2032111 | dataLoadTime: 0.005 | mem: 2994.48	
Ep. [1/50][28/75000] Time(s): 5.66  batch err: 0.2110779 | dataLoadTime: 0.005 | mem: 2994.48	
Ep. [1/50][29/75000] Time(s): 5.66  batch err: 0.2069422 | dataLoadTime: 0.005 | mem: 2994.48	
Ep. [1/50][30/75000] Time(s): 5.66  batch err: 0.1976371 | dataLoadTime: 0.005 | mem: 2994.84	
Ep. [1/50][31/75000] Time(s): 5.64  batch err: 0.1963926 | dataLoadTime: 0.005 | mem: 2995.00	
Ep. [1/50][32/75000] Time(s): 5.62  batch err: 0.1937860 | dataLoadTime: 0.005 | mem: 2995.32	
Ep. [1/50][33/75000] Time(s): 5.66  batch err: 0.1890051 | dataLoadTime: 0.005 | mem: 2995.33	
Ep. [1/50][34/75000] Time(s): 5.69  batch err: 0.1882710 | dataLoadTime: 0.005 | mem: 2995.32	
Ep. [1/50][35/75000] Time(s): 5.65  batch err: 0.1888455 | dataLoadTime: 0.005 | mem: 2995.33	
Ep. [1/50][36/75000] Time(s): 5.67  batch err: 0.1858571 | dataLoadTime: 0.005 | mem: 2995.32	
Ep. [1/50][37/75000] Time(s): 5.63  batch err: 0.1783926 | dataLoadTime: 0.005 | mem: 2995.33	
Ep. [1/50][38/75000] Time(s): 5.72  batch err: 0.1783222 | dataLoadTime: 0.005 | mem: 2995.32	
Ep. [1/50][39/75000] Time(s): 5.66  batch err: 0.1730775 | dataLoadTime: 0.005 | mem: 2995.33	
Ep. [1/50][40/75000] Time(s): 5.64  batch err: 0.1609540 | dataLoadTime: 0.005 | mem: 2995.32	
Ep. [1/50][41/75000] Time(s): 5.71  batch err: 0.1709883 | dataLoadTime: 0.005 | mem: 2995.33	
Ep. [1/50][42/75000] Time(s): 5.66  batch err: 0.1679486 | dataLoadTime: 0.005 | mem: 2995.32	
Ep. [1/50][43/75000] Time(s): 5.66  batch err: 0.1654356 | dataLoadTime: 0.005 | mem: 2995.88	
Ep. [1/50][44/75000] Time(s): 5.70  batch err: 0.1682378 | dataLoadTime: 0.005 | mem: 2995.87	
Ep. [1/50][45/75000] Time(s): 5.65  batch err: 0.1635887 | dataLoadTime: 0.005 | mem: 2995.88	
Ep. [1/50][46/75000] Time(s): 5.66  batch err: 0.1659521 | dataLoadTime: 0.005 | mem: 2995.87	
Ep. [1/50][47/75000] Time(s): 5.71  batch err: 0.1654343 | dataLoadTime: 0.005 | mem: 2995.88	
Ep. [1/50][48/75000] Time(s): 5.69  batch err: 0.1624898 | dataLoadTime: 0.005 | mem: 2995.87	
Ep. [1/50][49/75000] Time(s): 5.71  batch err: 0.1577143 | dataLoadTime: 0.005 | mem: 2995.88	
Ep. [1/50][50/75000] Time(s): 5.64  batch err: 0.1591391 | dataLoadTime: 0.005 | mem: 2995.87	
Ep. [1/50][51/75000] Time(s): 5.65  batch err: 0.1591266 | dataLoadTime: 0.005 | mem: 2995.88	
Ep. [1/50][52/75000] Time(s): 5.69  batch err: 0.1598993 | dataLoadTime: 0.005 | mem: 2996.67	
Ep. [1/50][53/75000] Time(s): 5.69  batch err: 0.1579720 | dataLoadTime: 0.005 | mem: 2996.68	
Ep. [1/50][54/75000] Time(s): 5.70  batch err: 0.1582064 | dataLoadTime: 0.005 | mem: 2996.67	
Ep. [1/50][55/75000] Time(s): 5.69  batch err: 0.1634114 | dataLoadTime: 0.005 | mem: 2996.68	
Ep. [1/50][56/75000] Time(s): 5.68  batch err: 0.1505348 | dataLoadTime: 0.005 | mem: 2996.67	
Ep. [1/50][57/75000] Time(s): 5.69  batch err: 0.1545456 | dataLoadTime: 0.005 | mem: 2996.68	
Ep. [1/50][58/75000] Time(s): 5.66  batch err: 0.1549235 | dataLoadTime: 0.005 | mem: 2996.97	
Ep. [1/50][59/75000] Time(s): 5.72  batch err: 0.1504885 | dataLoadTime: 0.005 | mem: 2996.98	
Ep. [1/50][60/75000] Time(s): 5.70  batch err: 0.1524411 | dataLoadTime: 0.005 | mem: 2996.97	
Ep. [1/50][61/75000] Time(s): 5.66  batch err: 0.1517582 | dataLoadTime: 0.005 | mem: 2996.98	
Ep. [1/50][62/75000] Time(s): 5.62  batch err: 0.1531039 | dataLoadTime: 0.005 | mem: 2996.97	
Ep. [1/50][63/75000] Time(s): 5.65  batch err: 0.1416664 | dataLoadTime: 0.005 | mem: 2996.98	
Ep. [1/50][64/75000] Time(s): 5.66  batch err: 0.1504966 | dataLoadTime: 0.005 | mem: 2996.97	
Ep. [1/50][65/75000] Time(s): 5.71  batch err: 0.1416318 | dataLoadTime: 0.005 | mem: 2997.38	
Ep. [1/50][66/75000] Time(s): 5.68  batch err: 0.1481054 | dataLoadTime: 0.005 | mem: 2997.37	
Ep. [1/50][67/75000] Time(s): 5.69  batch err: 0.1486547 | dataLoadTime: 0.005 | mem: 2997.38	
Ep. [1/50][68/75000] Time(s): 5.69  batch err: 0.1485449 | dataLoadTime: 0.005 | mem: 2997.37	
Ep. [1/50][69/75000] Time(s): 5.70  batch err: 0.1419291 | dataLoadTime: 0.005 | mem: 2997.83	
Ep. [1/50][70/75000] Time(s): 5.65  batch err: 0.1460382 | dataLoadTime: 0.005 | mem: 2998.13	
Ep. [1/50][71/75000] Time(s): 5.69  batch err: 0.1480507 | dataLoadTime: 0.005 | mem: 2998.13	
Ep. [1/50][72/75000] Time(s): 5.68  batch err: 0.1413070 | dataLoadTime: 0.005 | mem: 2998.13	
Ep. [1/50][73/75000] Time(s): 5.67  batch err: 0.1417093 | dataLoadTime: 0.005 | mem: 2998.13	
Ep. [1/50][74/75000] Time(s): 5.66  batch err: 0.1465155 | dataLoadTime: 0.005 | mem: 2998.84	
Ep. [1/50][75/75000] Time(s): 5.66  batch err: 0.1411315 | dataLoadTime: 0.005 | mem: 2998.85	
Ep. [1/50][76/75000] Time(s): 5.69  batch err: 0.1471885 | dataLoadTime: 0.005 | mem: 2998.84	
Ep. [1/50][77/75000] Time(s): 5.67  batch err: 0.1426979 | dataLoadTime: 0.005 | mem: 2998.85	
Ep. [1/50][78/75000] Time(s): 5.70  batch err: 0.1481972 | dataLoadTime: 0.005 | mem: 2998.84	
Ep. [1/50][79/75000] Time(s): 5.70  batch err: 0.1444245 | dataLoadTime: 0.005 | mem: 2998.85	
Ep. [1/50][80/75000] Time(s): 5.67  batch err: 0.1429116 | dataLoadTime: 0.005 | mem: 2998.84	
Ep. [1/50][81/75000] Time(s): 5.73  batch err: 0.1435457 | dataLoadTime: 0.005 | mem: 2998.85	
Ep. [1/50][82/75000] Time(s): 5.66  batch err: 0.1445195 | dataLoadTime: 0.005 | mem: 2998.84	
Ep. [1/50][83/75000] Time(s): 5.67  batch err: 0.1342459 | dataLoadTime: 0.005 | mem: 2998.85	
Ep. [1/50][84/75000] Time(s): 5.68  batch err: 0.1390087 | dataLoadTime: 0.005 | mem: 2998.84	
Ep. [1/50][85/75000] Time(s): 5.69  batch err: 0.1408469 | dataLoadTime: 0.005 | mem: 2998.85	
Ep. [1/50][86/75000] Time(s): 5.64  batch err: 0.1271890 | dataLoadTime: 0.005 | mem: 2998.84	
Ep. [1/50][87/75000] Time(s): 5.69  batch err: 0.1369464 | dataLoadTime: 0.005 | mem: 2998.85	
Ep. [1/50][88/75000] Time(s): 5.69  batch err: 0.1313522 | dataLoadTime: 0.005 | mem: 2998.84	
Ep. [1/50][89/75000] Time(s): 5.75  batch err: 0.1330774 | dataLoadTime: 0.005 | mem: 2998.85	
Ep. [1/50][90/75000] Time(s): 5.66  batch err: 0.1273051 | dataLoadTime: 0.005 | mem: 2998.84	
Ep. [1/50][91/75000] Time(s): 5.65  batch err: 0.1355688 | dataLoadTime: 0.005 | mem: 2998.85	
Ep. [1/50][92/75000] Time(s): 5.70  batch err: 0.1300652 | dataLoadTime: 0.005 | mem: 2998.84	
Ep. [1/50][93/75000] Time(s): 5.67  batch err: 0.1265807 | dataLoadTime: 0.005 | mem: 2998.85	
Ep. [1/50][94/75000] Time(s): 5.64  batch err: 0.1260695 | dataLoadTime: 0.005 | mem: 2998.84	
Ep. [1/50][95/75000] Time(s): 5.70  batch err: 0.1281904 | dataLoadTime: 0.005 | mem: 2998.85	
Ep. [1/50][96/75000] Time(s): 5.70  batch err: 0.1241619 | dataLoadTime: 0.005 | mem: 2998.84	
Ep. [1/50][97/75000] Time(s): 5.66  batch err: 0.1277010 | dataLoadTime: 0.005 | mem: 2999.00	
Ep. [1/50][98/75000] Time(s): 5.67  batch err: 0.1273068 | dataLoadTime: 0.005 | mem: 2999.00	
Ep. [1/50][99/75000] Time(s): 5.72  batch err: 0.1330640 | dataLoadTime: 0.005 | mem: 2999.00	
Ep. [1/50][100/75000] Time(s): 5.71  batch err: 0.1256128 | dataLoadTime: 0.005 | mem: 2999.00	
Ep. [1/50][101/75000] Time(s): 5.64  batch err: 0.1279350 | dataLoadTime: 0.005 | mem: 2999.00	
Ep. [1/50][102/75000] Time(s): 5.71  batch err: 0.1278020 | dataLoadTime: 0.005 | mem: 2999.00	
Ep. [1/50][103/75000] Time(s): 5.67  batch err: 0.1224643 | dataLoadTime: 0.005 | mem: 2999.00	
Ep. [1/50][104/75000] Time(s): 5.66  batch err: 0.1226036 | dataLoadTime: 0.005 | mem: 2999.23	
Ep. [1/50][105/75000] Time(s): 5.64  batch err: 0.1179572 | dataLoadTime: 0.005 | mem: 2999.84	
Ep. [1/50][106/75000] Time(s): 5.66  batch err: 0.1157283 | dataLoadTime: 0.005 | mem: 3000.81	
Ep. [1/50][107/75000] Time(s): 5.67  batch err: 0.1202700 | dataLoadTime: 0.005 | mem: 3000.81	
Ep. [1/50][108/75000] Time(s): 5.63  batch err: 0.1171523 | dataLoadTime: 0.005 | mem: 3000.81	
Ep. [1/50][109/75000] Time(s): 5.62  batch err: 0.1158833 | dataLoadTime: 0.005 | mem: 3001.14	
Ep. [1/50][110/75000] Time(s): 5.68  batch err: 0.1272655 | dataLoadTime: 0.005 | mem: 3001.13	
Ep. [1/50][111/75000] Time(s): 5.72  batch err: 0.1169375 | dataLoadTime: 0.005 | mem: 3001.14	
Ep. [1/50][112/75000] Time(s): 5.67  batch err: 0.1253914 | dataLoadTime: 0.005 | mem: 3001.13	
Ep. [1/50][113/75000] Time(s): 5.71  batch err: 0.1152390 | dataLoadTime: 0.005 | mem: 3001.49	
Ep. [1/50][114/75000] Time(s): 5.69  batch err: 0.1159828 | dataLoadTime: 0.005 | mem: 3001.48	
Ep. [1/50][115/75000] Time(s): 5.68  batch err: 0.1214946 | dataLoadTime: 0.005 | mem: 3001.49	
Ep. [1/50][116/75000] Time(s): 5.66  batch err: 0.1070196 | dataLoadTime: 0.005 | mem: 3001.48	
Ep. [1/50][117/75000] Time(s): 5.64  batch err: 0.1067084 | dataLoadTime: 0.005 | mem: 3001.81	
Ep. [1/50][118/75000] Time(s): 5.67  batch err: 0.1137888 | dataLoadTime: 0.005 | mem: 3001.80	
Ep. [1/50][119/75000] Time(s): 5.69  batch err: 0.1110598 | dataLoadTime: 0.005 | mem: 3001.81	
Ep. [1/50][120/75000] Time(s): 5.68  batch err: 0.1121797 | dataLoadTime: 0.005 | mem: 3001.80	
Ep. [1/50][121/75000] Time(s): 5.74  batch err: 0.1173538 | dataLoadTime: 0.005 | mem: 3001.81	
Ep. [1/50][122/75000] Time(s): 5.74  batch err: 0.1118292 | dataLoadTime: 0.005 | mem: 3001.80	
Ep. [1/50][123/75000] Time(s): 5.69  batch err: 0.1150620 | dataLoadTime: 0.005 | mem: 3001.81	
Ep. [1/50][124/75000] Time(s): 5.67  batch err: 0.1151141 | dataLoadTime: 0.005 | mem: 3001.80	
Ep. [1/50][125/75000] Time(s): 5.68  batch err: 0.1097032 | dataLoadTime: 0.005 | mem: 3001.81	
Ep. [1/50][126/75000] Time(s): 5.76  batch err: 0.1093774 | dataLoadTime: 0.005 | mem: 3001.80	
Ep. [1/50][127/75000] Time(s): 5.64  batch err: 0.1166848 | dataLoadTime: 0.005 | mem: 3001.81	
Ep. [1/50][128/75000] Time(s): 5.65  batch err: 0.1087864 | dataLoadTime: 0.005 | mem: 3002.35	
Ep. [1/50][129/75000] Time(s): 5.65  batch err: 0.1088275 | dataLoadTime: 0.005 | mem: 3002.36	
Ep. [1/50][130/75000] Time(s): 5.67  batch err: 0.1097112 | dataLoadTime: 0.005 | mem: 3002.35	
Ep. [1/50][131/75000] Time(s): 5.69  batch err: 0.1075875 | dataLoadTime: 0.005 | mem: 3002.68	
Ep. [1/50][132/75000] Time(s): 5.85  batch err: 0.1099383 | dataLoadTime: 0.005 | mem: 3002.67	
Ep. [1/50][133/75000] Time(s): 5.74  batch err: 0.1111531 | dataLoadTime: 0.005 | mem: 3002.68	
Ep. [1/50][134/75000] Time(s): 5.82  batch err: 0.1090091 | dataLoadTime: 0.005 | mem: 3002.67	
Ep. [1/50][135/75000] Time(s): 5.87  batch err: 0.1031583 | dataLoadTime: 0.005 | mem: 3002.68	
Ep. [1/50][136/75000] Time(s): 5.65  batch err: 0.1112901 | dataLoadTime: 0.005 | mem: 3002.67	
Ep. [1/50][137/75000] Time(s): 5.62  batch err: 0.1058519 | dataLoadTime: 0.005 | mem: 3002.68	
Ep. [1/50][138/75000] Time(s): 5.64  batch err: 0.1089086 | dataLoadTime: 0.005 | mem: 3002.67	
Ep. [1/50][139/75000] Time(s): 5.62  batch err: 0.1096611 | dataLoadTime: 0.005 | mem: 3002.68	
Ep. [1/50][140/75000] Time(s): 5.64  batch err: 0.1052465 | dataLoadTime: 0.005 | mem: 3002.67	
Ep. [1/50][141/75000] Time(s): 5.61  batch err: 0.1078342 | dataLoadTime: 0.005 | mem: 3002.68	
Ep. [1/50][142/75000] Time(s): 5.64  batch err: 0.1077422 | dataLoadTime: 0.005 | mem: 3003.00	
Ep. [1/50][143/75000] Time(s): 5.63  batch err: 0.1040129 | dataLoadTime: 0.006 | mem: 3003.00	
Ep. [1/50][144/75000] Time(s): 5.64  batch err: 0.1063413 | dataLoadTime: 0.005 | mem: 3003.00	
Ep. [1/50][145/75000] Time(s): 5.64  batch err: 0.1022707 | dataLoadTime: 0.005 | mem: 3003.00	
Ep. [1/50][146/75000] Time(s): 5.63  batch err: 0.0999131 | dataLoadTime: 0.005 | mem: 3003.00	
Ep. [1/50][147/75000] Time(s): 5.63  batch err: 0.1019885 | dataLoadTime: 0.005 | mem: 3003.00	
Ep. [1/50][148/75000] Time(s): 5.61  batch err: 0.1026408 | dataLoadTime: 0.006 | mem: 3003.00	
Ep. [1/50][149/75000] Time(s): 5.63  batch err: 0.1092166 | dataLoadTime: 0.005 | mem: 3003.00	
Ep. [1/50][150/75000] Time(s): 5.63  batch err: 0.1017983 | dataLoadTime: 0.005 | mem: 3003.00	
Ep. [1/50][151/75000] Time(s): 5.63  batch err: 0.1004588 | dataLoadTime: 0.005 | mem: 3003.00	
Ep. [1/50][152/75000] Time(s): 5.62  batch err: 0.1111243 | dataLoadTime: 0.005 | mem: 3003.00	
Ep. [1/50][153/75000] Time(s): 5.62  batch err: 0.0999635 | dataLoadTime: 0.005 | mem: 3003.00	
Ep. [1/50][154/75000] Time(s): 5.63  batch err: 0.0989164 | dataLoadTime: 0.006 | mem: 3003.00	
Ep. [1/50][155/75000] Time(s): 5.63  batch err: 0.0990253 | dataLoadTime: 0.005 | mem: 3003.00	
Ep. [1/50][156/75000] Time(s): 5.62  batch err: 0.0998787 | dataLoadTime: 0.004 | mem: 3003.00	
Ep. [1/50][157/75000] Time(s): 5.64  batch err: 0.0987110 | dataLoadTime: 0.004 | mem: 3003.00	
Ep. [1/50][158/75000] Time(s): 5.63  batch err: 0.1015225 | dataLoadTime: 0.005 | mem: 3003.35	
Ep. [1/50][159/75000] Time(s): 5.64  batch err: 0.1028903 | dataLoadTime: 0.005 | mem: 3003.64	
Ep. [1/50][160/75000] Time(s): 5.65  batch err: 0.0989720 | dataLoadTime: 0.005 | mem: 3003.95	
Ep. [1/50][161/75000] Time(s): 5.66  batch err: 0.1007672 | dataLoadTime: 0.005 | mem: 3003.96	
Ep. [1/50][162/75000] Time(s): 5.73  batch err: 0.0990848 | dataLoadTime: 0.005 | mem: 3003.95	
Ep. [1/50][163/75000] Time(s): 5.70  batch err: 0.0944454 | dataLoadTime: 0.005 | mem: 3003.96	
Ep. [1/50][164/75000] Time(s): 5.72  batch err: 0.0989574 | dataLoadTime: 0.006 | mem: 3003.95	
Ep. [1/50][165/75000] Time(s): 5.67  batch err: 0.1144128 | dataLoadTime: 0.006 | mem: 3003.96	
Ep. [1/50][166/75000] Time(s): 5.64  batch err: 0.0927699 | dataLoadTime: 0.006 | mem: 3003.95	
Ep. [1/50][167/75000] Time(s): 5.65  batch err: 0.1026609 | dataLoadTime: 0.006 | mem: 3003.96	
Ep. [1/50][168/75000] Time(s): 5.63  batch err: 0.0947667 | dataLoadTime: 0.005 | mem: 3003.95	
Ep. [1/50][169/75000] Time(s): 5.62  batch err: 0.0985042 | dataLoadTime: 0.006 | mem: 3003.96	
Ep. [1/50][170/75000] Time(s): 5.64  batch err: 0.1021870 | dataLoadTime: 0.005 | mem: 3003.95	
Ep. [1/50][171/75000] Time(s): 5.65  batch err: 0.0972858 | dataLoadTime: 0.006 | mem: 3003.96	
Ep. [1/50][172/75000] Time(s): 5.72  batch err: 0.0984562 | dataLoadTime: 0.005 | mem: 3003.95	
Ep. [1/50][173/75000] Time(s): 5.73  batch err: 0.0974213 | dataLoadTime: 0.005 | mem: 3003.96	
Ep. [1/50][174/75000] Time(s): 5.64  batch err: 0.0995549 | dataLoadTime: 0.005 | mem: 3003.95	
Ep. [1/50][175/75000] Time(s): 5.64  batch err: 0.0930292 | dataLoadTime: 0.005 | mem: 3003.96	
Ep. [1/50][176/75000] Time(s): 5.63  batch err: 0.0997815 | dataLoadTime: 0.005 | mem: 3003.95	
Ep. [1/50][177/75000] Time(s): 5.62  batch err: 0.1092123 | dataLoadTime: 0.005 | mem: 3003.96	
Ep. [1/50][178/75000] Time(s): 5.64  batch err: 0.0950758 | dataLoadTime: 0.005 | mem: 3003.95	
Ep. [1/50][179/75000] Time(s): 5.69  batch err: 0.0941412 | dataLoadTime: 0.005 | mem: 3003.96	
Ep. [1/50][180/75000] Time(s): 5.66  batch err: 0.0848629 | dataLoadTime: 0.005 | mem: 3003.95	
Ep. [1/50][181/75000] Time(s): 5.65  batch err: 0.0951585 | dataLoadTime: 0.006 | mem: 3003.96	
Ep. [1/50][182/75000] Time(s): 5.63  batch err: 0.0907106 | dataLoadTime: 0.006 | mem: 3003.95	
Ep. [1/50][183/75000] Time(s): 5.66  batch err: 0.0921089 | dataLoadTime: 0.006 | mem: 3003.96	
Ep. [1/50][184/75000] Time(s): 5.67  batch err: 0.0937618 | dataLoadTime: 0.006 | mem: 3003.95	
Ep. [1/50][185/75000] Time(s): 5.63  batch err: 0.1026599 | dataLoadTime: 0.005 | mem: 3003.96	
Ep. [1/50][186/75000] Time(s): 5.65  batch err: 0.0909677 | dataLoadTime: 0.005 | mem: 3003.95	
Ep. [1/50][187/75000] Time(s): 5.66  batch err: 0.0936482 | dataLoadTime: 0.005 | mem: 3003.96	
Ep. [1/50][188/75000] Time(s): 5.63  batch err: 0.0945537 | dataLoadTime: 0.006 | mem: 3003.95	
Ep. [1/50][189/75000] Time(s): 5.64  batch err: 0.0925836 | dataLoadTime: 0.005 | mem: 3003.96	
Ep. [1/50][190/75000] Time(s): 5.65  batch err: 0.0989718 | dataLoadTime: 0.005 | mem: 3003.95	
Ep. [1/50][191/75000] Time(s): 5.65  batch err: 0.0979945 | dataLoadTime: 0.005 | mem: 3003.96	
Ep. [1/50][192/75000] Time(s): 5.63  batch err: 0.0965839 | dataLoadTime: 0.005 | mem: 3004.28	
Ep. [1/50][193/75000] Time(s): 5.65  batch err: 0.0949424 | dataLoadTime: 0.005 | mem: 3004.28	
Ep. [1/50][194/75000] Time(s): 5.68  batch err: 0.0906975 | dataLoadTime: 0.006 | mem: 3004.28	
Ep. [1/50][195/75000] Time(s): 5.65  batch err: 0.0851295 | dataLoadTime: 0.005 | mem: 3004.28	
Ep. [1/50][196/75000] Time(s): 5.65  batch err: 0.0875087 | dataLoadTime: 0.006 | mem: 3004.28	
Ep. [1/50][197/75000] Time(s): 5.64  batch err: 0.0868610 | dataLoadTime: 0.005 | mem: 3004.28	
Ep. [1/50][198/75000] Time(s): 5.64  batch err: 0.0886308 | dataLoadTime: 0.005 | mem: 3004.28	
Ep. [1/50][199/75000] Time(s): 5.63  batch err: 0.0952191 | dataLoadTime: 0.006 | mem: 3004.28	
Ep. [1/50][200/75000] Time(s): 5.63  batch err: 0.0910940 | dataLoadTime: 0.005 | mem: 3004.28	
Ep. [1/50][201/75000] Time(s): 5.63  batch err: 0.0886375 | dataLoadTime: 0.006 | mem: 3004.28	
Ep. [1/50][202/75000] Time(s): 5.65  batch err: 0.0903942 | dataLoadTime: 0.005 | mem: 3004.28	
Ep. [1/50][203/75000] Time(s): 5.65  batch err: 0.0910319 | dataLoadTime: 0.006 | mem: 3004.28	
Ep. [1/50][204/75000] Time(s): 5.63  batch err: 0.0934435 | dataLoadTime: 0.005 | mem: 3004.28	
Ep. [1/50][205/75000] Time(s): 5.64  batch err: 0.0941692 | dataLoadTime: 0.005 | mem: 3004.28	
Ep. [1/50][206/75000] Time(s): 5.64  batch err: 0.0864257 | dataLoadTime: 0.005 | mem: 3004.28	
Ep. [1/50][207/75000] Time(s): 5.64  batch err: 0.0853639 | dataLoadTime: 0.005 | mem: 3004.28	
Ep. [1/50][208/75000] Time(s): 5.64  batch err: 0.0942451 | dataLoadTime: 0.005 | mem: 3004.28	
Ep. [1/50][209/75000] Time(s): 5.66  batch err: 0.0903291 | dataLoadTime: 0.005 | mem: 3004.28	
Ep. [1/50][210/75000] Time(s): 5.63  batch err: 0.0823325 | dataLoadTime: 0.006 | mem: 3004.28	
Ep. [1/50][211/75000] Time(s): 5.65  batch err: 0.0829560 | dataLoadTime: 0.006 | mem: 3004.28	
Ep. [1/50][212/75000] Time(s): 5.63  batch err: 0.0849746 | dataLoadTime: 0.006 | mem: 3004.28	
Ep. [1/50][213/75000] Time(s): 5.63  batch err: 0.0910490 | dataLoadTime: 0.006 | mem: 3004.28	
Ep. [1/50][214/75000] Time(s): 5.64  batch err: 0.0925614 | dataLoadTime: 0.005 | mem: 3004.28	
Ep. [1/50][215/75000] Time(s): 5.65  batch err: 0.0833926 | dataLoadTime: 0.005 | mem: 3004.28	
Ep. [1/50][216/75000] Time(s): 5.64  batch err: 0.0900890 | dataLoadTime: 0.006 | mem: 3004.28	
Ep. [1/50][217/75000] Time(s): 5.65  batch err: 0.0912119 | dataLoadTime: 0.006 | mem: 3004.28	
Ep. [1/50][218/75000] Time(s): 5.66  batch err: 0.0931496 | dataLoadTime: 0.006 | mem: 3004.28	
Ep. [1/50][219/75000] Time(s): 5.67  batch err: 0.0840139 | dataLoadTime: 0.005 | mem: 3004.28	
Ep. [1/50][220/75000] Time(s): 5.62  batch err: 0.0856476 | dataLoadTime: 0.006 | mem: 3004.28	
Ep. [1/50][221/75000] Time(s): 5.63  batch err: 0.0836778 | dataLoadTime: 0.005 | mem: 3004.28	
Ep. [1/50][222/75000] Time(s): 5.66  batch err: 0.0867092 | dataLoadTime: 0.006 | mem: 3004.28	
Ep. [1/50][223/75000] Time(s): 5.64  batch err: 0.0897555 | dataLoadTime: 0.005 | mem: 3004.28	
Ep. [1/50][224/75000] Time(s): 5.64  batch err: 0.0883264 | dataLoadTime: 0.005 | mem: 3004.28	
Ep. [1/50][225/75000] Time(s): 5.63  batch err: 0.0885666 | dataLoadTime: 0.005 | mem: 3004.28	
Ep. [1/50][226/75000] Time(s): 5.65  batch err: 0.0856685 | dataLoadTime: 0.005 | mem: 3004.28	
Ep. [1/50][227/75000] Time(s): 5.66  batch err: 0.0864372 | dataLoadTime: 0.006 | mem: 3004.28	
Ep. [1/50][228/75000] Time(s): 5.64  batch err: 0.0883717 | dataLoadTime: 0.005 | mem: 3004.28	
Ep. [1/50][229/75000] Time(s): 5.64  batch err: 0.0889982 | dataLoadTime: 0.005 | mem: 3004.28	
Ep. [1/50][230/75000] Time(s): 5.63  batch err: 0.0836858 | dataLoadTime: 0.005 | mem: 3004.28	
Ep. [1/50][231/75000] Time(s): 5.65  batch err: 0.0847730 | dataLoadTime: 0.005 | mem: 3004.28	
Ep. [1/50][232/75000] Time(s): 5.62  batch err: 0.0907537 | dataLoadTime: 0.006 | mem: 3004.28	
Ep. [1/50][233/75000] Time(s): 5.68  batch err: 0.0868454 | dataLoadTime: 0.005 | mem: 3004.28	
Ep. [1/50][234/75000] Time(s): 5.65  batch err: 0.0842474 | dataLoadTime: 0.006 | mem: 3004.28	
Ep. [1/50][235/75000] Time(s): 5.64  batch err: 0.0891464 | dataLoadTime: 0.005 | mem: 3004.28	
Ep. [1/50][236/75000] Time(s): 5.65  batch err: 0.0879840 | dataLoadTime: 0.005 | mem: 3004.28	
Ep. [1/50][237/75000] Time(s): 5.67  batch err: 0.0812653 | dataLoadTime: 0.005 | mem: 3004.28	
Ep. [1/50][238/75000] Time(s): 5.64  batch err: 0.0871610 | dataLoadTime: 0.005 | mem: 3004.28	
Ep. [1/50][239/75000] Time(s): 5.63  batch err: 0.0856789 | dataLoadTime: 0.006 | mem: 3004.28	
Ep. [1/50][240/75000] Time(s): 5.65  batch err: 0.0857966 | dataLoadTime: 0.005 | mem: 3004.28	
Ep. [1/50][241/75000] Time(s): 5.67  batch err: 0.0854830 | dataLoadTime: 0.005 | mem: 3004.28	
Ep. [1/50][242/75000] Time(s): 5.69  batch err: 0.0848836 | dataLoadTime: 0.005 | mem: 3004.28	
Ep. [1/50][243/75000] Time(s): 5.63  batch err: 0.0866830 | dataLoadTime: 0.005 | mem: 3004.28	
Ep. [1/50][244/75000] Time(s): 5.63  batch err: 0.0846748 | dataLoadTime: 0.005 | mem: 3004.28	
Ep. [1/50][245/75000] Time(s): 5.66  batch err: 0.0886249 | dataLoadTime: 0.005 | mem: 3004.28	
Ep. [1/50][246/75000] Time(s): 5.64  batch err: 0.0872499 | dataLoadTime: 0.006 | mem: 3004.28	
Ep. [1/50][247/75000] Time(s): 5.63  batch err: 0.0871734 | dataLoadTime: 0.005 | mem: 3004.28	
Ep. [1/50][248/75000] Time(s): 5.65  batch err: 0.0859030 | dataLoadTime: 0.005 | mem: 3004.28	
Ep. [1/50][249/75000] Time(s): 5.66  batch err: 0.0855068 | dataLoadTime: 0.005 | mem: 3004.28	
Ep. [1/50][250/75000] Time(s): 5.64  batch err: 0.0813917 | dataLoadTime: 0.006 | mem: 3004.28	
Ep. [1/50][251/75000] Time(s): 5.63  batch err: 0.0839101 | dataLoadTime: 0.005 | mem: 3004.28	
Ep. [1/50][252/75000] Time(s): 5.63  batch err: 0.0872154 | dataLoadTime: 0.006 | mem: 3004.28	
Ep. [1/50][253/75000] Time(s): 5.63  batch err: 0.0840005 | dataLoadTime: 0.005 | mem: 3004.28	
Ep. [1/50][254/75000] Time(s): 5.64  batch err: 0.0835494 | dataLoadTime: 0.006 | mem: 3004.28	
Ep. [1/50][255/75000] Time(s): 5.62  batch err: 0.0873624 | dataLoadTime: 0.005 | mem: 3004.28	
Ep. [1/50][256/75000] Time(s): 5.62  batch err: 0.0871440 | dataLoadTime: 0.006 | mem: 3004.28	
Ep. [1/50][257/75000] Time(s): 5.66  batch err: 0.0890104 | dataLoadTime: 0.005 | mem: 3004.28	
Ep. [1/50][258/75000] Time(s): 5.65  batch err: 0.0824757 | dataLoadTime: 0.005 | mem: 3004.28	
Ep. [1/50][259/75000] Time(s): 5.63  batch err: 0.0838437 | dataLoadTime: 0.005 | mem: 3004.28	
Ep. [1/50][260/75000] Time(s): 5.62  batch err: 0.0862885 | dataLoadTime: 0.005 | mem: 3004.28	
Ep. [1/50][261/75000] Time(s): 5.64  batch err: 0.0811189 | dataLoadTime: 0.005 | mem: 3004.28	
Ep. [1/50][262/75000] Time(s): 5.61  batch err: 0.0813553 | dataLoadTime: 0.006 | mem: 3004.28	
Ep. [1/50][263/75000] Time(s): 5.62  batch err: 0.0851557 | dataLoadTime: 0.006 | mem: 3004.28	
Ep. [1/50][264/75000] Time(s): 5.62  batch err: 0.0816289 | dataLoadTime: 0.006 | mem: 3004.28	
Ep. [1/50][265/75000] Time(s): 5.65  batch err: 0.0848137 | dataLoadTime: 0.005 | mem: 3004.28	
Ep. [1/50][266/75000] Time(s): 5.70  batch err: 0.0838879 | dataLoadTime: 0.005 | mem: 3004.28	
Ep. [1/50][267/75000] Time(s): 5.64  batch err: 0.0835907 | dataLoadTime: 0.005 | mem: 3004.28	
Ep. [1/50][268/75000] Time(s): 5.63  batch err: 0.0805876 | dataLoadTime: 0.005 | mem: 3004.28	
Ep. [1/50][269/75000] Time(s): 5.64  batch err: 0.0841539 | dataLoadTime: 0.006 | mem: 3004.28	
Ep. [1/50][270/75000] Time(s): 5.62  batch err: 0.0884316 | dataLoadTime: 0.004 | mem: 3004.28	
Ep. [1/50][271/75000] Time(s): 5.61  batch err: 0.0842237 | dataLoadTime: 0.005 | mem: 3004.28	
Ep. [1/50][272/75000] Time(s): 5.63  batch err: 0.0842454 | dataLoadTime: 0.005 | mem: 3004.28	
Ep. [1/50][273/75000] Time(s): 5.63  batch err: 0.0879995 | dataLoadTime: 0.006 | mem: 3004.28	
Ep. [1/50][274/75000] Time(s): 5.67  batch err: 0.0909655 | dataLoadTime: 0.005 | mem: 3004.28	
Ep. [1/50][275/75000] Time(s): 5.64  batch err: 0.0864819 | dataLoadTime: 0.005 | mem: 3004.28	
Ep. [1/50][276/75000] Time(s): 5.61  batch err: 0.0839690 | dataLoadTime: 0.005 | mem: 3004.28	
Ep. [1/50][277/75000] Time(s): 5.66  batch err: 0.0832459 | dataLoadTime: 0.005 | mem: 3004.28	
Ep. [1/50][278/75000] Time(s): 5.68  batch err: 0.0842201 | dataLoadTime: 0.006 | mem: 3004.28	
Ep. [1/50][279/75000] Time(s): 5.66  batch err: 0.0776691 | dataLoadTime: 0.006 | mem: 3004.28	
Ep. [1/50][280/75000] Time(s): 5.66  batch err: 0.0796264 | dataLoadTime: 0.006 | mem: 3004.28	
Ep. [1/50][281/75000] Time(s): 5.66  batch err: 0.0843460 | dataLoadTime: 0.006 | mem: 3004.28	
Ep. [1/50][282/75000] Time(s): 5.67  batch err: 0.0815441 | dataLoadTime: 0.005 | mem: 3004.28	
Ep. [1/50][283/75000] Time(s): 5.62  batch err: 0.0916112 | dataLoadTime: 0.006 | mem: 3004.28	
Ep. [1/50][284/75000] Time(s): 5.62  batch err: 0.0801531 | dataLoadTime: 0.005 | mem: 3004.28	
Ep. [1/50][285/75000] Time(s): 5.64  batch err: 0.0776731 | dataLoadTime: 0.006 | mem: 3004.28	
Ep. [1/50][286/75000] Time(s): 5.69  batch err: 0.0795388 | dataLoadTime: 0.006 | mem: 3004.28	
Ep. [1/50][287/75000] Time(s): 5.76  batch err: 0.0830935 | dataLoadTime: 0.005 | mem: 3004.28	
Ep. [1/50][288/75000] Time(s): 5.67  batch err: 0.0837514 | dataLoadTime: 0.005 | mem: 3004.28	
Ep. [1/50][289/75000] Time(s): 5.61  batch err: 0.0862969 | dataLoadTime: 0.005 | mem: 3004.28	
Ep. [1/50][290/75000] Time(s): 5.64  batch err: 0.1006583 | dataLoadTime: 0.005 | mem: 3004.28	
Ep. [1/50][291/75000] Time(s): 5.70  batch err: 0.0759226 | dataLoadTime: 0.005 | mem: 3004.28	
Ep. [1/50][292/75000] Time(s): 5.70  batch err: 0.0763864 | dataLoadTime: 0.005 | mem: 3004.28	
Ep. [1/50][293/75000] Time(s): 5.64  batch err: 0.0784647 | dataLoadTime: 0.005 | mem: 3004.28	
Ep. [1/50][294/75000] Time(s): 5.63  batch err: 0.0801901 | dataLoadTime: 0.005 | mem: 3004.28	
Ep. [1/50][295/75000] Time(s): 5.64  batch err: 0.0774427 | dataLoadTime: 0.005 | mem: 3004.28	
Ep. [1/50][296/75000] Time(s): 5.63  batch err: 0.0771534 | dataLoadTime: 0.005 | mem: 3004.28	
Ep. [1/50][297/75000] Time(s): 5.63  batch err: 0.0890429 | dataLoadTime: 0.005 | mem: 3004.28	
Ep. [1/50][298/75000] Time(s): 5.64  batch err: 0.0779149 | dataLoadTime: 0.005 | mem: 3004.28	
Ep. [1/50][299/75000] Time(s): 5.65  batch err: 0.0758265 | dataLoadTime: 0.005 | mem: 3004.28	
Ep. [1/50][300/75000] Time(s): 5.64  batch err: 0.0793619 | dataLoadTime: 0.005 | mem: 3004.28	
Ep. [1/50][301/75000] Time(s): 5.66  batch err: 0.0771387 | dataLoadTime: 0.005 | mem: 3004.28	
Ep. [1/50][302/75000] Time(s): 5.66  batch err: 0.0798723 | dataLoadTime: 0.005 | mem: 3004.28	
Ep. [1/50][303/75000] Time(s): 5.67  batch err: 0.0790450 | dataLoadTime: 0.005 | mem: 3004.28	
Ep. [1/50][304/75000] Time(s): 5.66  batch err: 0.0814693 | dataLoadTime: 0.005 | mem: 3004.28	
Ep. [1/50][305/75000] Time(s): 5.69  batch err: 0.0830740 | dataLoadTime: 0.005 | mem: 3004.28	
Ep. [1/50][306/75000] Time(s): 5.66  batch err: 0.0766690 | dataLoadTime: 0.005 | mem: 3004.28	
Ep. [1/50][307/75000] Time(s): 5.66  batch err: 0.0783226 | dataLoadTime: 0.005 | mem: 3004.28	
Ep. [1/50][308/75000] Time(s): 5.63  batch err: 0.0749076 | dataLoadTime: 0.005 | mem: 3004.28	
Ep. [1/50][309/75000] Time(s): 5.66  batch err: 0.0811996 | dataLoadTime: 0.005 | mem: 3004.28	
Ep. [1/50][310/75000] Time(s): 5.64  batch err: 0.0795285 | dataLoadTime: 0.005 | mem: 3004.28	
Ep. [1/50][311/75000] Time(s): 5.65  batch err: 0.0813621 | dataLoadTime: 0.005 | mem: 3004.58	
Ep. [1/50][312/75000] Time(s): 5.63  batch err: 0.0781722 | dataLoadTime: 0.005 | mem: 3004.58	
Ep. [1/50][313/75000] Time(s): 5.63  batch err: 0.0750016 | dataLoadTime: 0.005 | mem: 3004.58	
Ep. [1/50][314/75000] Time(s): 5.67  batch err: 0.0840832 | dataLoadTime: 0.005 | mem: 3004.58	
Ep. [1/50][315/75000] Time(s): 5.63  batch err: 0.0768654 | dataLoadTime: 0.005 | mem: 3004.58	
Ep. [1/50][316/75000] Time(s): 5.62  batch err: 0.0757258 | dataLoadTime: 0.005 | mem: 3004.58	
Ep. [1/50][317/75000] Time(s): 5.64  batch err: 0.0810728 | dataLoadTime: 0.005 | mem: 3004.58	
Ep. [1/50][318/75000] Time(s): 5.66  batch err: 0.0755459 | dataLoadTime: 0.005 | mem: 3004.58	
Ep. [1/50][319/75000] Time(s): 5.64  batch err: 0.0753276 | dataLoadTime: 0.005 | mem: 3004.58	
Ep. [1/50][320/75000] Time(s): 5.65  batch err: 0.0774191 | dataLoadTime: 0.005 | mem: 3004.58	
Ep. [1/50][321/75000] Time(s): 5.67  batch err: 0.0711697 | dataLoadTime: 0.005 | mem: 3004.58	
Ep. [1/50][322/75000] Time(s): 5.65  batch err: 0.0777486 | dataLoadTime: 0.005 | mem: 3004.58	
Ep. [1/50][323/75000] Time(s): 5.62  batch err: 0.0763616 | dataLoadTime: 0.005 | mem: 3005.25	
Ep. [1/50][324/75000] Time(s): 5.65  batch err: 0.0745966 | dataLoadTime: 0.005 | mem: 3005.25	
Ep. [1/50][325/75000] Time(s): 5.64  batch err: 0.0818091 | dataLoadTime: 0.005 | mem: 3005.25	
Ep. [1/50][326/75000] Time(s): 5.64  batch err: 0.0723965 | dataLoadTime: 0.005 | mem: 3005.25	
Ep. [1/50][327/75000] Time(s): 5.65  batch err: 0.0741291 | dataLoadTime: 0.005 | mem: 3005.25	
Ep. [1/50][328/75000] Time(s): 5.65  batch err: 0.0743236 | dataLoadTime: 0.005 | mem: 3005.25	
Ep. [1/50][329/75000] Time(s): 5.63  batch err: 0.0759889 | dataLoadTime: 0.005 | mem: 3005.25	
Ep. [1/50][330/75000] Time(s): 5.62  batch err: 0.0735197 | dataLoadTime: 0.005 | mem: 3005.25	
Ep. [1/50][331/75000] Time(s): 5.62  batch err: 0.0760480 | dataLoadTime: 0.005 | mem: 3005.25	
Ep. [1/50][332/75000] Time(s): 5.67  batch err: 0.0710761 | dataLoadTime: 0.005 | mem: 3005.25	
Ep. [1/50][333/75000] Time(s): 5.63  batch err: 0.0752161 | dataLoadTime: 0.005 | mem: 3005.25	
Ep. [1/50][334/75000] Time(s): 5.62  batch err: 0.0752484 | dataLoadTime: 0.005 | mem: 3005.25	
Ep. [1/50][335/75000] Time(s): 5.63  batch err: 0.0733560 | dataLoadTime: 0.005 | mem: 3005.25	
Ep. [1/50][336/75000] Time(s): 5.64  batch err: 0.0745206 | dataLoadTime: 0.005 | mem: 3005.25	
Ep. [1/50][337/75000] Time(s): 5.62  batch err: 0.0771728 | dataLoadTime: 0.004 | mem: 3005.25	
Ep. [1/50][338/75000] Time(s): 5.61  batch err: 0.0732010 | dataLoadTime: 0.005 | mem: 3005.25	
Ep. [1/50][339/75000] Time(s): 5.64  batch err: 0.0707212 | dataLoadTime: 0.005 | mem: 3005.25	
Ep. [1/50][340/75000] Time(s): 5.64  batch err: 0.0766207 | dataLoadTime: 0.005 | mem: 3005.25	
Ep. [1/50][341/75000] Time(s): 5.63  batch err: 0.0761262 | dataLoadTime: 0.005 | mem: 3005.25	
Ep. [1/50][342/75000] Time(s): 5.64  batch err: 0.0749160 | dataLoadTime: 0.005 | mem: 3005.25	
Ep. [1/50][343/75000] Time(s): 5.65  batch err: 0.0722164 | dataLoadTime: 0.005 | mem: 3005.25	
Ep. [1/50][344/75000] Time(s): 5.63  batch err: 0.0712251 | dataLoadTime: 0.005 | mem: 3005.25	
Ep. [1/50][345/75000] Time(s): 5.63  batch err: 0.0742135 | dataLoadTime: 0.005 | mem: 3005.25	
Ep. [1/50][346/75000] Time(s): 5.62  batch err: 0.0738371 | dataLoadTime: 0.005 | mem: 3005.25	
Ep. [1/50][347/75000] Time(s): 5.63  batch err: 0.0773821 | dataLoadTime: 0.005 | mem: 3005.25	
Ep. [1/50][348/75000] Time(s): 5.66  batch err: 0.0783307 | dataLoadTime: 0.005 | mem: 3005.25	
Ep. [1/50][349/75000] Time(s): 5.63  batch err: 0.0761311 | dataLoadTime: 0.005 | mem: 3005.25	
Ep. [1/50][350/75000] Time(s): 5.66  batch err: 0.0744374 | dataLoadTime: 0.005 | mem: 3005.25	
Ep. [1/50][351/75000] Time(s): 5.64  batch err: 0.0775301 | dataLoadTime: 0.005 | mem: 3005.25	
Ep. [1/50][352/75000] Time(s): 5.66  batch err: 0.0752157 | dataLoadTime: 0.005 | mem: 3005.25	
Ep. [1/50][353/75000] Time(s): 5.65  batch err: 0.0762965 | dataLoadTime: 0.005 | mem: 3005.25	
Ep. [1/50][354/75000] Time(s): 5.62  batch err: 0.0732925 | dataLoadTime: 0.005 | mem: 3005.25	
Ep. [1/50][355/75000] Time(s): 5.66  batch err: 0.0722532 | dataLoadTime: 0.005 | mem: 3005.25	
Ep. [1/50][356/75000] Time(s): 5.68  batch err: 0.0763263 | dataLoadTime: 0.005 | mem: 3005.25	
Ep. [1/50][357/75000] Time(s): 5.65  batch err: 0.0723918 | dataLoadTime: 0.005 | mem: 3005.25	
Ep. [1/50][358/75000] Time(s): 5.65  batch err: 0.0764118 | dataLoadTime: 0.005 | mem: 3005.25	
Ep. [1/50][359/75000] Time(s): 5.64  batch err: 0.0692131 | dataLoadTime: 0.005 | mem: 3005.25	
Ep. [1/50][360/75000] Time(s): 5.65  batch err: 0.0625370 | dataLoadTime: 0.005 | mem: 3005.25	
Ep. [1/50][361/75000] Time(s): 5.64  batch err: 0.0793899 | dataLoadTime: 0.005 | mem: 3005.25	
Ep. [1/50][362/75000] Time(s): 5.63  batch err: 0.0674289 | dataLoadTime: 0.005 | mem: 3005.25	
Ep. [1/50][363/75000] Time(s): 5.62  batch err: 0.0770029 | dataLoadTime: 0.005 | mem: 3005.25	
Ep. [1/50][364/75000] Time(s): 5.66  batch err: 0.0685381 | dataLoadTime: 0.005 | mem: 3005.25	
Ep. [1/50][365/75000] Time(s): 5.63  batch err: 0.0776426 | dataLoadTime: 0.005 | mem: 3005.25	
Ep. [1/50][366/75000] Time(s): 5.67  batch err: 0.0722086 | dataLoadTime: 0.005 | mem: 3005.25	
Ep. [1/50][367/75000] Time(s): 5.67  batch err: 0.0771345 | dataLoadTime: 0.005 | mem: 3005.25	
Ep. [1/50][368/75000] Time(s): 5.66  batch err: 0.0718137 | dataLoadTime: 0.005 | mem: 3005.25	
Ep. [1/50][369/75000] Time(s): 5.67  batch err: 0.0713587 | dataLoadTime: 0.005 | mem: 3005.68	
Ep. [1/50][370/75000] Time(s): 5.69  batch err: 0.0739812 | dataLoadTime: 0.005 | mem: 3005.68	
Ep. [1/50][371/75000] Time(s): 5.66  batch err: 0.0665896 | dataLoadTime: 0.005 | mem: 3005.68	
Ep. [1/50][372/75000] Time(s): 5.65  batch err: 0.0727342 | dataLoadTime: 0.005 | mem: 3005.68	
Ep. [1/50][373/75000] Time(s): 5.63  batch err: 0.0705409 | dataLoadTime: 0.005 | mem: 3005.68	
Ep. [1/50][374/75000] Time(s): 5.63  batch err: 0.0769155 | dataLoadTime: 0.005 | mem: 3005.68	
Ep. [1/50][375/75000] Time(s): 5.64  batch err: 0.0796039 | dataLoadTime: 0.005 | mem: 3005.68	
Ep. [1/50][376/75000] Time(s): 5.67  batch err: 0.0685101 | dataLoadTime: 0.005 | mem: 3005.68	
Ep. [1/50][377/75000] Time(s): 5.66  batch err: 0.0724773 | dataLoadTime: 0.005 | mem: 3005.68	
Ep. [1/50][378/75000] Time(s): 5.66  batch err: 0.0677173 | dataLoadTime: 0.005 | mem: 3005.68	
Ep. [1/50][379/75000] Time(s): 5.66  batch err: 0.0717234 | dataLoadTime: 0.005 | mem: 3005.68	
Ep. [1/50][380/75000] Time(s): 5.64  batch err: 0.0710884 | dataLoadTime: 0.005 | mem: 3005.68	
Ep. [1/50][381/75000] Time(s): 5.64  batch err: 0.0673090 | dataLoadTime: 0.005 | mem: 3005.68	
Ep. [1/50][382/75000] Time(s): 5.63  batch err: 0.0690174 | dataLoadTime: 0.005 | mem: 3005.68	
Ep. [1/50][383/75000] Time(s): 5.66  batch err: 0.0699768 | dataLoadTime: 0.005 | mem: 3005.68	
Ep. [1/50][384/75000] Time(s): 5.65  batch err: 0.0687932 | dataLoadTime: 0.005 | mem: 3005.68	
Ep. [1/50][385/75000] Time(s): 5.67  batch err: 0.0688296 | dataLoadTime: 0.005 | mem: 3005.68	
Ep. [1/50][386/75000] Time(s): 5.67  batch err: 0.0687273 | dataLoadTime: 0.005 | mem: 3005.68	
Ep. [1/50][387/75000] Time(s): 5.66  batch err: 0.0682401 | dataLoadTime: 0.005 | mem: 3005.68	
Ep. [1/50][388/75000] Time(s): 5.63  batch err: 0.0737669 | dataLoadTime: 0.005 | mem: 3005.68	
Ep. [1/50][389/75000] Time(s): 5.64  batch err: 0.0758815 | dataLoadTime: 0.005 | mem: 3005.68	
Ep. [1/50][390/75000] Time(s): 5.62  batch err: 0.0661062 | dataLoadTime: 0.005 | mem: 3005.68	
Ep. [1/50][391/75000] Time(s): 5.63  batch err: 0.0725252 | dataLoadTime: 0.005 | mem: 3005.68	
Ep. [1/50][392/75000] Time(s): 5.64  batch err: 0.0736840 | dataLoadTime: 0.005 | mem: 3005.68	
Ep. [1/50][393/75000] Time(s): 5.64  batch err: 0.0669015 | dataLoadTime: 0.005 | mem: 3005.68	
Ep. [1/50][394/75000] Time(s): 5.64  batch err: 0.0679195 | dataLoadTime: 0.005 | mem: 3005.68	
Ep. [1/50][395/75000] Time(s): 5.62  batch err: 0.0673133 | dataLoadTime: 0.004 | mem: 3005.68	
Ep. [1/50][396/75000] Time(s): 5.65  batch err: 0.0687663 | dataLoadTime: 0.005 | mem: 3005.68	
Ep. [1/50][397/75000] Time(s): 5.64  batch err: 0.0661581 | dataLoadTime: 0.005 | mem: 3005.68	
Ep. [1/50][398/75000] Time(s): 5.62  batch err: 0.0657283 | dataLoadTime: 0.005 | mem: 3005.68	
Ep. [1/50][399/75000] Time(s): 5.63  batch err: 0.0693367 | dataLoadTime: 0.005 | mem: 3005.68	
Ep. [1/50][400/75000] Time(s): 5.81  batch err: 0.0842115 | dataLoadTime: 0.005 | mem: 3005.68	
Ep. [1/50][401/75000] Time(s): 5.72  batch err: 0.0677481 | dataLoadTime: 0.005 | mem: 3005.68	
Ep. [1/50][402/75000] Time(s): 5.60  batch err: 0.0745718 | dataLoadTime: 0.005 | mem: 3005.68	
Ep. [1/50][403/75000] Time(s): 5.62  batch err: 0.0698012 | dataLoadTime: 0.005 | mem: 3005.68	
Ep. [1/50][404/75000] Time(s): 5.62  batch err: 0.0642309 | dataLoadTime: 0.005 | mem: 3005.68	
Ep. [1/50][405/75000] Time(s): 5.65  batch err: 0.0662173 | dataLoadTime: 0.005 | mem: 3005.68	
Ep. [1/50][406/75000] Time(s): 5.64  batch err: 0.0699271 | dataLoadTime: 0.005 | mem: 3005.68	
Ep. [1/50][407/75000] Time(s): 5.64  batch err: 0.0682922 | dataLoadTime: 0.005 | mem: 3005.68	
Ep. [1/50][408/75000] Time(s): 5.63  batch err: 0.0680320 | dataLoadTime: 0.005 | mem: 3005.68	
Ep. [1/50][409/75000] Time(s): 5.65  batch err: 0.0667168 | dataLoadTime: 0.005 | mem: 3005.68	
Ep. [1/50][410/75000] Time(s): 5.62  batch err: 0.0626040 | dataLoadTime: 0.005 | mem: 3005.68	
Ep. [1/50][411/75000] Time(s): 5.63  batch err: 0.0667073 | dataLoadTime: 0.005 | mem: 3005.68	
Ep. [1/50][412/75000] Time(s): 5.62  batch err: 0.0701642 | dataLoadTime: 0.005 | mem: 3005.68	
Ep. [1/50][413/75000] Time(s): 5.66  batch err: 0.0681589 | dataLoadTime: 0.005 | mem: 3005.68	
Ep. [1/50][414/75000] Time(s): 5.64  batch err: 0.0674923 | dataLoadTime: 0.005 | mem: 3005.68	
Ep. [1/50][415/75000] Time(s): 5.61  batch err: 0.0647545 | dataLoadTime: 0.005 | mem: 3005.68	
Ep. [1/50][416/75000] Time(s): 5.63  batch err: 0.0651180 | dataLoadTime: 0.005 | mem: 3005.68	
Ep. [1/50][417/75000] Time(s): 5.63  batch err: 0.0610069 | dataLoadTime: 0.005 | mem: 3005.68	
Ep. [1/50][418/75000] Time(s): 5.67  batch err: 0.0610763 | dataLoadTime: 0.005 | mem: 3005.68	
Ep. [1/50][419/75000] Time(s): 5.65  batch err: 0.0840159 | dataLoadTime: 0.005 | mem: 3005.68	
Ep. [1/50][420/75000] Time(s): 5.63  batch err: 0.0638496 | dataLoadTime: 0.005 | mem: 3005.68	
Ep. [1/50][421/75000] Time(s): 5.63  batch err: 0.0642696 | dataLoadTime: 0.005 | mem: 3005.68	
Ep. [1/50][422/75000] Time(s): 5.63  batch err: 0.0702098 | dataLoadTime: 0.005 | mem: 3005.68	
Ep. [1/50][423/75000] Time(s): 5.66  batch err: 0.0668051 | dataLoadTime: 0.005 | mem: 3005.68	
Ep. [1/50][424/75000] Time(s): 5.63  batch err: 0.0611157 | dataLoadTime: 0.005 | mem: 3005.68	
Ep. [1/50][425/75000] Time(s): 5.69  batch err: 0.0624341 | dataLoadTime: 0.005 | mem: 3005.68	
Ep. [1/50][426/75000] Time(s): 5.67  batch err: 0.0627925 | dataLoadTime: 0.005 | mem: 3005.68	
Ep. [1/50][427/75000] Time(s): 5.75  batch err: 0.0662309 | dataLoadTime: 0.005 | mem: 3005.68	
Ep. [1/50][428/75000] Time(s): 5.66  batch err: 0.0640063 | dataLoadTime: 0.005 | mem: 3005.68	
Ep. [1/50][429/75000] Time(s): 5.66  batch err: 0.0654772 | dataLoadTime: 0.005 | mem: 3005.68	
Ep. [1/50][430/75000] Time(s): 5.67  batch err: 0.0661500 | dataLoadTime: 0.005 | mem: 3005.68	
Ep. [1/50][431/75000] Time(s): 5.68  batch err: 0.0639035 | dataLoadTime: 0.005 | mem: 3005.68	
Ep. [1/50][432/75000] Time(s): 5.69  batch err: 0.0614540 | dataLoadTime: 0.005 | mem: 3005.68	
Ep. [1/50][433/75000] Time(s): 5.69  batch err: 0.0585857 | dataLoadTime: 0.005 | mem: 3005.68	
Ep. [1/50][434/75000] Time(s): 5.67  batch err: 0.0696982 | dataLoadTime: 0.005 | mem: 3005.68	
Ep. [1/50][435/75000] Time(s): 5.67  batch err: 0.0612149 | dataLoadTime: 0.005 | mem: 3005.68	
Ep. [1/50][436/75000] Time(s): 5.66  batch err: 0.0657309 | dataLoadTime: 0.005 | mem: 3005.68	
Ep. [1/50][437/75000] Time(s): 5.67  batch err: 0.0750798 | dataLoadTime: 0.005 | mem: 3005.68	
Ep. [1/50][438/75000] Time(s): 5.69  batch err: 0.0640192 | dataLoadTime: 0.005 | mem: 3005.68	
Ep. [1/50][439/75000] Time(s): 5.67  batch err: 0.0576088 | dataLoadTime: 0.005 | mem: 3005.68	
Ep. [1/50][440/75000] Time(s): 5.65  batch err: 0.0601748 | dataLoadTime: 0.005 | mem: 3005.68	
Ep. [1/50][441/75000] Time(s): 5.73  batch err: 0.0615061 | dataLoadTime: 0.005 | mem: 3005.68	
Ep. [1/50][442/75000] Time(s): 5.67  batch err: 0.0590326 | dataLoadTime: 0.005 | mem: 3005.68	
Ep. [1/50][443/75000] Time(s): 5.67  batch err: 0.0660094 | dataLoadTime: 0.005 | mem: 3005.68	
Ep. [1/50][444/75000] Time(s): 5.68  batch err: 0.0642749 | dataLoadTime: 0.005 | mem: 3005.68	
Ep. [1/50][445/75000] Time(s): 5.66  batch err: 0.0638566 | dataLoadTime: 0.005 | mem: 3005.68	
Ep. [1/50][446/75000] Time(s): 5.64  batch err: 0.0606848 | dataLoadTime: 0.005 | mem: 3005.68	
Ep. [1/50][447/75000] Time(s): 5.71  batch err: 0.0634037 | dataLoadTime: 0.005 | mem: 3005.68	
Ep. [1/50][448/75000] Time(s): 5.65  batch err: 0.0631227 | dataLoadTime: 0.005 | mem: 3005.68	
Ep. [1/50][449/75000] Time(s): 5.74  batch err: 0.0633284 | dataLoadTime: 0.005 | mem: 3005.68	
Ep. [1/50][450/75000] Time(s): 5.63  batch err: 0.0617107 | dataLoadTime: 0.005 | mem: 3005.68	
Ep. [1/50][451/75000] Time(s): 5.66  batch err: 0.0630598 | dataLoadTime: 0.005 | mem: 3005.68	
Ep. [1/50][452/75000] Time(s): 5.70  batch err: 0.0679972 | dataLoadTime: 0.005 | mem: 3005.68	
Ep. [1/50][453/75000] Time(s): 5.66  batch err: 0.0580533 | dataLoadTime: 0.005 | mem: 3005.68	
Ep. [1/50][454/75000] Time(s): 5.67  batch err: 0.0609426 | dataLoadTime: 0.005 | mem: 3005.68	
Ep. [1/50][455/75000] Time(s): 5.68  batch err: 0.0641938 | dataLoadTime: 0.005 | mem: 3005.68	
Ep. [1/50][456/75000] Time(s): 5.71  batch err: 0.0606402 | dataLoadTime: 0.005 | mem: 3005.68	
Ep. [1/50][457/75000] Time(s): 5.64  batch err: 0.0671742 | dataLoadTime: 0.005 | mem: 3005.68	
Ep. [1/50][458/75000] Time(s): 5.62  batch err: 0.0680308 | dataLoadTime: 0.005 | mem: 3005.68	
Ep. [1/50][459/75000] Time(s): 5.69  batch err: 0.0622047 | dataLoadTime: 0.005 | mem: 3005.68	
Ep. [1/50][460/75000] Time(s): 5.87  batch err: 0.0620937 | dataLoadTime: 0.005 | mem: 3005.68	
Ep. [1/50][461/75000] Time(s): 5.69  batch err: 0.0562293 | dataLoadTime: 0.005 | mem: 3005.68	
Ep. [1/50][462/75000] Time(s): 5.78  batch err: 0.0607724 | dataLoadTime: 0.005 | mem: 3005.68	
Ep. [1/50][463/75000] Time(s): 5.69  batch err: 0.0606967 | dataLoadTime: 0.005 | mem: 3005.68	
Ep. [1/50][464/75000] Time(s): 5.71  batch err: 0.0631387 | dataLoadTime: 0.005 | mem: 3005.68	
Ep. [1/50][465/75000] Time(s): 5.66  batch err: 0.0640663 | dataLoadTime: 0.005 | mem: 3005.68	
Ep. [1/50][466/75000] Time(s): 5.66  batch err: 0.0551142 | dataLoadTime: 0.005 | mem: 3005.68	
Ep. [1/50][467/75000] Time(s): 5.66  batch err: 0.0614926 | dataLoadTime: 0.005 | mem: 3005.68	
Ep. [1/50][468/75000] Time(s): 5.64  batch err: 0.0624527 | dataLoadTime: 0.005 | mem: 3005.68	
Ep. [1/50][469/75000] Time(s): 5.65  batch err: 0.0588959 | dataLoadTime: 0.005 | mem: 3005.68	
Ep. [1/50][470/75000] Time(s): 5.66  batch err: 0.0677831 | dataLoadTime: 0.005 | mem: 3005.68	
Ep. [1/50][471/75000] Time(s): 5.70  batch err: 0.0632485 | dataLoadTime: 0.005 | mem: 3005.68	
Ep. [1/50][472/75000] Time(s): 5.66  batch err: 0.0623636 | dataLoadTime: 0.005 | mem: 3005.68	
Ep. [1/50][473/75000] Time(s): 5.74  batch err: 0.0599920 | dataLoadTime: 0.005 | mem: 3005.68	
Ep. [1/50][474/75000] Time(s): 5.70  batch err: 0.0589188 | dataLoadTime: 0.005 | mem: 3005.68	
Ep. [1/50][475/75000] Time(s): 5.70  batch err: 0.0660881 | dataLoadTime: 0.005 | mem: 3005.68	
Ep. [1/50][476/75000] Time(s): 5.74  batch err: 0.0647781 | dataLoadTime: 0.005 | mem: 3005.68	
Ep. [1/50][477/75000] Time(s): 5.66  batch err: 0.0644982 | dataLoadTime: 0.005 | mem: 3005.68	
Ep. [1/50][478/75000] Time(s): 5.65  batch err: 0.0613239 | dataLoadTime: 0.005 | mem: 3006.00	
Ep. [1/50][479/75000] Time(s): 5.84  batch err: 0.0627699 | dataLoadTime: 0.005 | mem: 3006.01	
Ep. [1/50][480/75000] Time(s): 5.84  batch err: 0.0619316 | dataLoadTime: 0.005 | mem: 3006.00	
Ep. [1/50][481/75000] Time(s): 5.80  batch err: 0.0638382 | dataLoadTime: 0.005 | mem: 3006.01	
Ep. [1/50][482/75000] Time(s): 5.61  batch err: 0.0600450 | dataLoadTime: 0.005 | mem: 3006.00	
Ep. [1/50][483/75000] Time(s): 5.73  batch err: 0.0597959 | dataLoadTime: 0.005 | mem: 3006.01	
Ep. [1/50][484/75000] Time(s): 5.77  batch err: 0.0676451 | dataLoadTime: 0.005 | mem: 3006.00	
Ep. [1/50][485/75000] Time(s): 5.68  batch err: 0.0585212 | dataLoadTime: 0.005 | mem: 3006.01	
Ep. [1/50][486/75000] Time(s): 5.77  batch err: 0.0586894 | dataLoadTime: 0.005 | mem: 3006.00	
Ep. [1/50][487/75000] Time(s): 5.69  batch err: 0.0655232 | dataLoadTime: 0.005 | mem: 3006.01	
Ep. [1/50][488/75000] Time(s): 5.68  batch err: 0.0637658 | dataLoadTime: 0.005 | mem: 3006.00	
Ep. [1/50][489/75000] Time(s): 5.70  batch err: 0.0637123 | dataLoadTime: 0.005 | mem: 3006.01	
Ep. [1/50][490/75000] Time(s): 5.67  batch err: 0.0598745 | dataLoadTime: 0.005 | mem: 3006.00	
Ep. [1/50][491/75000] Time(s): 5.66  batch err: 0.0586013 | dataLoadTime: 0.005 | mem: 3006.01	
Ep. [1/50][492/75000] Time(s): 5.64  batch err: 0.0614228 | dataLoadTime: 0.005 | mem: 3006.00	
Ep. [1/50][493/75000] Time(s): 5.67  batch err: 0.0634004 | dataLoadTime: 0.005 | mem: 3006.01	
Ep. [1/50][494/75000] Time(s): 5.69  batch err: 0.0636196 | dataLoadTime: 0.005 | mem: 3006.00	
Ep. [1/50][495/75000] Time(s): 5.66  batch err: 0.0581967 | dataLoadTime: 0.005 | mem: 3006.01	
Ep. [1/50][496/75000] Time(s): 5.66  batch err: 0.0613167 | dataLoadTime: 0.005 | mem: 3006.00	
Ep. [1/50][497/75000] Time(s): 5.66  batch err: 0.0591535 | dataLoadTime: 0.005 | mem: 3006.01	
Ep. [1/50][498/75000] Time(s): 5.64  batch err: 0.0630201 | dataLoadTime: 0.005 | mem: 3006.00	
Ep. [1/50][499/75000] Time(s): 5.74  batch err: 0.0626679 | dataLoadTime: 0.005 | mem: 3006.01	
Ep. [1/50][500/75000] Time(s): 5.65  batch err: 0.0636731 | dataLoadTime: 0.005 | mem: 3006.00	
Ep. [1/50][501/75000] Time(s): 5.65  batch err: 0.0634565 | dataLoadTime: 0.005 | mem: 3006.01	
Ep. [1/50][502/75000] Time(s): 5.68  batch err: 0.0623735 | dataLoadTime: 0.005 | mem: 3006.00	
Ep. [1/50][503/75000] Time(s): 5.65  batch err: 0.0626432 | dataLoadTime: 0.005 | mem: 3006.01	
Ep. [1/50][504/75000] Time(s): 5.77  batch err: 0.0646295 | dataLoadTime: 0.005 | mem: 3006.00	
Ep. [1/50][505/75000] Time(s): 5.70  batch err: 0.0622661 | dataLoadTime: 0.005 | mem: 3006.01	
Ep. [1/50][506/75000] Time(s): 5.71  batch err: 0.0599529 | dataLoadTime: 0.005 | mem: 3006.00	
Ep. [1/50][507/75000] Time(s): 5.68  batch err: 0.0575162 | dataLoadTime: 0.005 | mem: 3006.01	
Ep. [1/50][508/75000] Time(s): 5.74  batch err: 0.0600772 | dataLoadTime: 0.005 | mem: 3006.00	
Ep. [1/50][509/75000] Time(s): 5.62  batch err: 0.0593466 | dataLoadTime: 0.005 | mem: 3006.01	
Ep. [1/50][510/75000] Time(s): 5.65  batch err: 0.0619731 | dataLoadTime: 0.005 | mem: 3006.00	
Ep. [1/50][511/75000] Time(s): 5.73  batch err: 0.0554159 | dataLoadTime: 0.005 | mem: 3006.01	
Ep. [1/50][512/75000] Time(s): 5.74  batch err: 0.0516655 | dataLoadTime: 0.005 | mem: 3006.00	
Ep. [1/50][513/75000] Time(s): 5.68  batch err: 0.0624175 | dataLoadTime: 0.005 | mem: 3006.01	
Ep. [1/50][514/75000] Time(s): 5.64  batch err: 0.0649885 | dataLoadTime: 0.005 | mem: 3006.00	
Ep. [1/50][515/75000] Time(s): 5.65  batch err: 0.0585652 | dataLoadTime: 0.005 | mem: 3006.01	
Ep. [1/50][516/75000] Time(s): 5.69  batch err: 0.0582541 | dataLoadTime: 0.005 | mem: 3006.00	
Ep. [1/50][517/75000] Time(s): 5.72  batch err: 0.0664006 | dataLoadTime: 0.005 | mem: 3006.01	
Ep. [1/50][518/75000] Time(s): 5.65  batch err: 0.0599392 | dataLoadTime: 0.005 | mem: 3006.00	
Ep. [1/50][519/75000] Time(s): 5.66  batch err: 0.0609963 | dataLoadTime: 0.005 | mem: 3006.01	
Ep. [1/50][520/75000] Time(s): 5.65  batch err: 0.0593297 | dataLoadTime: 0.005 | mem: 3006.00	
Ep. [1/50][521/75000] Time(s): 5.61  batch err: 0.0604971 | dataLoadTime: 0.005 | mem: 3006.01	
Ep. [1/50][522/75000] Time(s): 5.65  batch err: 0.0582650 | dataLoadTime: 0.005 | mem: 3006.00	
Ep. [1/50][523/75000] Time(s): 5.63  batch err: 0.0579170 | dataLoadTime: 0.005 | mem: 3006.01	
Ep. [1/50][524/75000] Time(s): 5.62  batch err: 0.0609171 | dataLoadTime: 0.005 | mem: 3006.00	
Ep. [1/50][525/75000] Time(s): 5.64  batch err: 0.0595078 | dataLoadTime: 0.004 | mem: 3006.01	
Ep. [1/50][526/75000] Time(s): 5.63  batch err: 0.0590391 | dataLoadTime: 0.005 | mem: 3006.00	
Ep. [1/50][527/75000] Time(s): 5.62  batch err: 0.0606065 | dataLoadTime: 0.004 | mem: 3006.01	
Ep. [1/50][528/75000] Time(s): 5.65  batch err: 0.0566231 | dataLoadTime: 0.005 | mem: 3006.00	
Ep. [1/50][529/75000] Time(s): 5.67  batch err: 0.0584856 | dataLoadTime: 0.005 | mem: 3006.01	
Ep. [1/50][530/75000] Time(s): 5.69  batch err: 0.0585766 | dataLoadTime: 0.005 | mem: 3006.00	
Ep. [1/50][531/75000] Time(s): 5.69  batch err: 0.0540943 | dataLoadTime: 0.005 | mem: 3006.01	
Ep. [1/50][532/75000] Time(s): 5.68  batch err: 0.0636749 | dataLoadTime: 0.005 | mem: 3006.00	
Ep. [1/50][533/75000] Time(s): 5.65  batch err: 0.0556779 | dataLoadTime: 0.005 | mem: 3006.01	
Ep. [1/50][534/75000] Time(s): 5.64  batch err: 0.0555928 | dataLoadTime: 0.005 | mem: 3006.00	
Ep. [1/50][535/75000] Time(s): 5.63  batch err: 0.0588420 | dataLoadTime: 0.005 | mem: 3006.01	
Ep. [1/50][536/75000] Time(s): 5.65  batch err: 0.0592417 | dataLoadTime: 0.005 | mem: 3006.00	
Ep. [1/50][537/75000] Time(s): 5.62  batch err: 0.0569887 | dataLoadTime: 0.005 | mem: 3006.01	
Ep. [1/50][538/75000] Time(s): 5.66  batch err: 0.0587120 | dataLoadTime: 0.005 | mem: 3006.00	
Ep. [1/50][539/75000] Time(s): 5.65  batch err: 0.0571308 | dataLoadTime: 0.005 | mem: 3006.01	
Ep. [1/50][540/75000] Time(s): 5.63  batch err: 0.0542451 | dataLoadTime: 0.005 | mem: 3006.00	
Ep. [1/50][541/75000] Time(s): 5.68  batch err: 0.0557160 | dataLoadTime: 0.005 | mem: 3006.01	
Ep. [1/50][542/75000] Time(s): 5.65  batch err: 0.0565999 | dataLoadTime: 0.005 | mem: 3006.00	
Ep. [1/50][543/75000] Time(s): 5.66  batch err: 0.0548615 | dataLoadTime: 0.005 | mem: 3006.01	
Ep. [1/50][544/75000] Time(s): 5.79  batch err: 0.0601973 | dataLoadTime: 0.005 | mem: 3006.00	
Ep. [1/50][545/75000] Time(s): 5.77  batch err: 0.0577115 | dataLoadTime: 0.005 | mem: 3006.01	
Ep. [1/50][546/75000] Time(s): 5.68  batch err: 0.0552504 | dataLoadTime: 0.005 | mem: 3006.00	
Ep. [1/50][547/75000] Time(s): 5.65  batch err: 0.0697817 | dataLoadTime: 0.005 | mem: 3006.01	
Ep. [1/50][548/75000] Time(s): 5.67  batch err: 0.0546443 | dataLoadTime: 0.006 | mem: 3006.00	
Ep. [1/50][549/75000] Time(s): 5.74  batch err: 0.0502946 | dataLoadTime: 0.005 | mem: 3006.01	
Ep. [1/50][550/75000] Time(s): 5.71  batch err: 0.0603519 | dataLoadTime: 0.005 | mem: 3006.00	
Ep. [1/50][551/75000] Time(s): 5.65  batch err: 0.0592273 | dataLoadTime: 0.005 | mem: 3006.01	
Ep. [1/50][552/75000] Time(s): 5.74  batch err: 0.0548513 | dataLoadTime: 0.005 | mem: 3006.00	
Ep. [1/50][553/75000] Time(s): 5.68  batch err: 0.0537451 | dataLoadTime: 0.005 | mem: 3006.01	
Ep. [1/50][554/75000] Time(s): 5.68  batch err: 0.0543834 | dataLoadTime: 0.005 | mem: 3006.00	
Ep. [1/50][555/75000] Time(s): 5.68  batch err: 0.0600491 | dataLoadTime: 0.005 | mem: 3006.01	
Ep. [1/50][556/75000] Time(s): 5.72  batch err: 0.0536893 | dataLoadTime: 0.005 | mem: 3006.00	
Ep. [1/50][557/75000] Time(s): 5.64  batch err: 0.0613529 | dataLoadTime: 0.005 | mem: 3006.01	
Ep. [1/50][558/75000] Time(s): 5.64  batch err: 0.0554655 | dataLoadTime: 0.005 | mem: 3006.00	
Ep. [1/50][559/75000] Time(s): 5.64  batch err: 0.0472023 | dataLoadTime: 0.005 | mem: 3006.01	
Ep. [1/50][560/75000] Time(s): 5.67  batch err: 0.0575932 | dataLoadTime: 0.005 | mem: 3006.00	
Ep. [1/50][561/75000] Time(s): 5.66  batch err: 0.0613130 | dataLoadTime: 0.005 | mem: 3006.01	
Ep. [1/50][562/75000] Time(s): 5.71  batch err: 0.0530939 | dataLoadTime: 0.005 | mem: 3006.00	
Ep. [1/50][563/75000] Time(s): 5.70  batch err: 0.0531652 | dataLoadTime: 0.005 | mem: 3006.01	
Ep. [1/50][564/75000] Time(s): 5.63  batch err: 0.0532400 | dataLoadTime: 0.005 | mem: 3006.00	
Ep. [1/50][565/75000] Time(s): 5.66  batch err: 0.0562328 | dataLoadTime: 0.005 | mem: 3006.01	
Ep. [1/50][566/75000] Time(s): 5.69  batch err: 0.0504316 | dataLoadTime: 0.005 | mem: 3006.00	
Ep. [1/50][567/75000] Time(s): 5.67  batch err: 0.0558188 | dataLoadTime: 0.005 | mem: 3006.01	
Ep. [1/50][568/75000] Time(s): 5.68  batch err: 0.0558953 | dataLoadTime: 0.005 | mem: 3006.00	
Ep. [1/50][569/75000] Time(s): 5.67  batch err: 0.0552272 | dataLoadTime: 0.005 | mem: 3006.01	
Ep. [1/50][570/75000] Time(s): 5.73  batch err: 0.0534220 | dataLoadTime: 0.005 | mem: 3006.00	
Ep. [1/50][571/75000] Time(s): 5.73  batch err: 0.0619688 | dataLoadTime: 0.005 | mem: 3006.01	
Ep. [1/50][572/75000] Time(s): 5.82  batch err: 0.0580513 | dataLoadTime: 0.005 | mem: 3006.00	
Ep. [1/50][573/75000] Time(s): 5.69  batch err: 0.0508005 | dataLoadTime: 0.005 | mem: 3006.01	
Ep. [1/50][574/75000] Time(s): 5.67  batch err: 0.0576091 | dataLoadTime: 0.005 | mem: 3006.00	
Ep. [1/50][575/75000] Time(s): 5.64  batch err: 0.0568951 | dataLoadTime: 0.005 | mem: 3006.01	
Ep. [1/50][576/75000] Time(s): 5.70  batch err: 0.0519825 | dataLoadTime: 0.005 | mem: 3006.00	
Ep. [1/50][577/75000] Time(s): 5.67  batch err: 0.0521509 | dataLoadTime: 0.005 | mem: 3006.01	
Ep. [1/50][578/75000] Time(s): 5.65  batch err: 0.0587208 | dataLoadTime: 0.005 | mem: 3006.00	
Ep. [1/50][579/75000] Time(s): 5.67  batch err: 0.0522824 | dataLoadTime: 0.005 | mem: 3006.01	
Ep. [1/50][580/75000] Time(s): 5.79  batch err: 0.0571035 | dataLoadTime: 0.005 | mem: 3006.00	
Ep. [1/50][581/75000] Time(s): 5.73  batch err: 0.0539074 | dataLoadTime: 0.005 | mem: 3006.01	
Ep. [1/50][582/75000] Time(s): 5.67  batch err: 0.0553175 | dataLoadTime: 0.005 | mem: 3006.00	
Ep. [1/50][583/75000] Time(s): 5.74  batch err: 0.0543453 | dataLoadTime: 0.005 | mem: 3006.01	
Ep. [1/50][584/75000] Time(s): 5.64  batch err: 0.0556180 | dataLoadTime: 0.005 | mem: 3006.00	
Ep. [1/50][585/75000] Time(s): 5.74  batch err: 0.0505347 | dataLoadTime: 0.005 | mem: 3006.01	
Ep. [1/50][586/75000] Time(s): 5.67  batch err: 0.0543468 | dataLoadTime: 0.005 | mem: 3006.00	
Ep. [1/50][587/75000] Time(s): 5.65  batch err: 0.0504861 | dataLoadTime: 0.005 | mem: 3006.01	
Ep. [1/50][588/75000] Time(s): 5.65  batch err: 0.0567050 | dataLoadTime: 0.005 | mem: 3006.00	
Ep. [1/50][589/75000] Time(s): 5.68  batch err: 0.0555217 | dataLoadTime: 0.005 | mem: 3006.01	
Ep. [1/50][590/75000] Time(s): 5.68  batch err: 0.0547559 | dataLoadTime: 0.005 | mem: 3006.00	
Ep. [1/50][591/75000] Time(s): 5.70  batch err: 0.0527440 | dataLoadTime: 0.005 | mem: 3006.01	
Ep. [1/50][592/75000] Time(s): 5.74  batch err: 0.0576634 | dataLoadTime: 0.005 | mem: 3006.00	
Ep. [1/50][593/75000] Time(s): 5.69  batch err: 0.0590581 | dataLoadTime: 0.005 | mem: 3006.01	
Ep. [1/50][594/75000] Time(s): 5.69  batch err: 0.0569281 | dataLoadTime: 0.005 | mem: 3006.00	
Ep. [1/50][595/75000] Time(s): 5.67  batch err: 0.0559413 | dataLoadTime: 0.005 | mem: 3006.01	
Ep. [1/50][596/75000] Time(s): 5.66  batch err: 0.0571839 | dataLoadTime: 0.005 | mem: 3006.00	
Ep. [1/50][597/75000] Time(s): 5.64  batch err: 0.0573741 | dataLoadTime: 0.005 | mem: 3006.01	
Ep. [1/50][598/75000] Time(s): 5.68  batch err: 0.0594768 | dataLoadTime: 0.005 | mem: 3006.00	
Ep. [1/50][599/75000] Time(s): 5.67  batch err: 0.0499819 | dataLoadTime: 0.005 | mem: 3006.01	
Ep. [1/50][600/75000] Time(s): 5.67  batch err: 0.0558057 | dataLoadTime: 0.005 | mem: 3006.00	
Ep. [1/50][601/75000] Time(s): 5.64  batch err: 0.0553560 | dataLoadTime: 0.005 | mem: 3006.01	
Ep. [1/50][602/75000] Time(s): 5.62  batch err: 0.0573179 | dataLoadTime: 0.005 | mem: 3006.00	
Ep. [1/50][603/75000] Time(s): 5.64  batch err: 0.0510562 | dataLoadTime: 0.005 | mem: 3006.01	
Ep. [1/50][604/75000] Time(s): 5.66  batch err: 0.0502730 | dataLoadTime: 0.005 | mem: 3006.00	
Ep. [1/50][605/75000] Time(s): 5.69  batch err: 0.0536661 | dataLoadTime: 0.005 | mem: 3006.01	
Ep. [1/50][606/75000] Time(s): 5.68  batch err: 0.0553072 | dataLoadTime: 0.005 | mem: 3006.00	
Ep. [1/50][607/75000] Time(s): 5.66  batch err: 0.0537721 | dataLoadTime: 0.005 | mem: 3006.01	
Ep. [1/50][608/75000] Time(s): 5.65  batch err: 0.0544204 | dataLoadTime: 0.005 | mem: 3006.00	
Ep. [1/50][609/75000] Time(s): 5.65  batch err: 0.0510110 | dataLoadTime: 0.005 | mem: 3006.01	
Ep. [1/50][610/75000] Time(s): 5.63  batch err: 0.0562914 | dataLoadTime: 0.005 | mem: 3006.00	
Ep. [1/50][611/75000] Time(s): 5.66  batch err: 0.0545962 | dataLoadTime: 0.005 | mem: 3006.01	
Ep. [1/50][612/75000] Time(s): 5.63  batch err: 0.0531227 | dataLoadTime: 0.005 | mem: 3006.00	
Ep. [1/50][613/75000] Time(s): 5.66  batch err: 0.0527966 | dataLoadTime: 0.005 | mem: 3006.01	
Ep. [1/50][614/75000] Time(s): 5.69  batch err: 0.0546979 | dataLoadTime: 0.005 | mem: 3006.00	
Ep. [1/50][615/75000] Time(s): 5.67  batch err: 0.0580641 | dataLoadTime: 0.005 | mem: 3006.01	
Ep. [1/50][616/75000] Time(s): 5.66  batch err: 0.0476464 | dataLoadTime: 0.005 | mem: 3006.00	
Ep. [1/50][617/75000] Time(s): 5.67  batch err: 0.0571756 | dataLoadTime: 0.005 | mem: 3006.01	
Ep. [1/50][618/75000] Time(s): 5.65  batch err: 0.0531560 | dataLoadTime: 0.005 | mem: 3006.00	
Ep. [1/50][619/75000] Time(s): 5.65  batch err: 0.0541196 | dataLoadTime: 0.005 | mem: 3006.01	
Ep. [1/50][620/75000] Time(s): 5.65  batch err: 0.0533243 | dataLoadTime: 0.005 | mem: 3006.00	
Ep. [1/50][621/75000] Time(s): 5.63  batch err: 0.0535280 | dataLoadTime: 0.005 | mem: 3006.01	
Ep. [1/50][622/75000] Time(s): 5.68  batch err: 0.0527400 | dataLoadTime: 0.005 | mem: 3006.00	
Ep. [1/50][623/75000] Time(s): 5.65  batch err: 0.0527153 | dataLoadTime: 0.005 | mem: 3006.01	
Ep. [1/50][624/75000] Time(s): 5.64  batch err: 0.0532870 | dataLoadTime: 0.005 | mem: 3006.00	
Ep. [1/50][625/75000] Time(s): 5.66  batch err: 0.0575253 | dataLoadTime: 0.005 | mem: 3006.01	
Ep. [1/50][626/75000] Time(s): 5.66  batch err: 0.0546488 | dataLoadTime: 0.005 | mem: 3006.00	
Ep. [1/50][627/75000] Time(s): 5.68  batch err: 0.0566305 | dataLoadTime: 0.005 | mem: 3006.01	
Ep. [1/50][628/75000] Time(s): 5.70  batch err: 0.0538797 | dataLoadTime: 0.005 | mem: 3006.00	
Ep. [1/50][629/75000] Time(s): 5.74  batch err: 0.0523814 | dataLoadTime: 0.005 | mem: 3006.01	
Ep. [1/50][630/75000] Time(s): 5.66  batch err: 0.0557855 | dataLoadTime: 0.005 | mem: 3006.00	
Ep. [1/50][631/75000] Time(s): 5.63  batch err: 0.0508050 | dataLoadTime: 0.005 | mem: 3006.01	
Ep. [1/50][632/75000] Time(s): 5.62  batch err: 0.0471408 | dataLoadTime: 0.005 | mem: 3006.00	
Ep. [1/50][633/75000] Time(s): 5.64  batch err: 0.0537099 | dataLoadTime: 0.005 | mem: 3006.01	
Ep. [1/50][634/75000] Time(s): 5.65  batch err: 0.0560747 | dataLoadTime: 0.005 | mem: 3006.00	
Ep. [1/50][635/75000] Time(s): 5.62  batch err: 0.0533118 | dataLoadTime: 0.005 | mem: 3006.01	
Ep. [1/50][636/75000] Time(s): 5.66  batch err: 0.0551208 | dataLoadTime: 0.005 | mem: 3006.00	
Ep. [1/50][637/75000] Time(s): 5.66  batch err: 0.0525077 | dataLoadTime: 0.005 | mem: 3006.01	
Ep. [1/50][638/75000] Time(s): 5.66  batch err: 0.0553316 | dataLoadTime: 0.005 | mem: 3006.00	
Ep. [1/50][639/75000] Time(s): 5.64  batch err: 0.0478580 | dataLoadTime: 0.005 | mem: 3006.01	
Ep. [1/50][640/75000] Time(s): 5.64  batch err: 0.0500549 | dataLoadTime: 0.005 | mem: 3006.00	
Ep. [1/50][641/75000] Time(s): 5.66  batch err: 0.0589173 | dataLoadTime: 0.005 | mem: 3006.01	
Ep. [1/50][642/75000] Time(s): 5.67  batch err: 0.0528243 | dataLoadTime: 0.005 | mem: 3006.00	
Ep. [1/50][643/75000] Time(s): 5.63  batch err: 0.0540973 | dataLoadTime: 0.005 | mem: 3006.01	
Ep. [1/50][644/75000] Time(s): 5.65  batch err: 0.0535552 | dataLoadTime: 0.005 | mem: 3006.00	
Ep. [1/50][645/75000] Time(s): 5.64  batch err: 0.0523435 | dataLoadTime: 0.005 | mem: 3006.01	
Ep. [1/50][646/75000] Time(s): 5.64  batch err: 0.0551379 | dataLoadTime: 0.005 | mem: 3006.00	
Ep. [1/50][647/75000] Time(s): 5.66  batch err: 0.0552904 | dataLoadTime: 0.005 | mem: 3006.01	
Ep. [1/50][648/75000] Time(s): 5.64  batch err: 0.0517119 | dataLoadTime: 0.005 | mem: 3006.00	
Ep. [1/50][649/75000] Time(s): 5.68  batch err: 0.0510628 | dataLoadTime: 0.005 | mem: 3006.01	
Ep. [1/50][650/75000] Time(s): 5.69  batch err: 0.0555834 | dataLoadTime: 0.005 | mem: 3006.00	
Ep. [1/50][651/75000] Time(s): 5.64  batch err: 0.0525766 | dataLoadTime: 0.005 | mem: 3006.01	
Ep. [1/50][652/75000] Time(s): 5.67  batch err: 0.0598283 | dataLoadTime: 0.005 | mem: 3006.00	
Ep. [1/50][653/75000] Time(s): 5.65  batch err: 0.0534982 | dataLoadTime: 0.005 | mem: 3006.01	
Ep. [1/50][654/75000] Time(s): 5.68  batch err: 0.0541667 | dataLoadTime: 0.005 | mem: 3006.00	
Ep. [1/50][655/75000] Time(s): 5.66  batch err: 0.0583302 | dataLoadTime: 0.005 | mem: 3006.01	
Ep. [1/50][656/75000] Time(s): 5.63  batch err: 0.0501153 | dataLoadTime: 0.005 | mem: 3006.00	
Ep. [1/50][657/75000] Time(s): 5.66  batch err: 0.0569863 | dataLoadTime: 0.005 | mem: 3006.01	
Ep. [1/50][658/75000] Time(s): 5.67  batch err: 0.0536572 | dataLoadTime: 0.005 | mem: 3006.00	
Ep. [1/50][659/75000] Time(s): 5.65  batch err: 0.0521280 | dataLoadTime: 0.005 | mem: 3006.01	
Ep. [1/50][660/75000] Time(s): 5.64  batch err: 0.0527816 | dataLoadTime: 0.005 | mem: 3006.00	
Ep. [1/50][661/75000] Time(s): 5.65  batch err: 0.0547530 | dataLoadTime: 0.005 | mem: 3006.01	
Ep. [1/50][662/75000] Time(s): 5.65  batch err: 0.0523641 | dataLoadTime: 0.005 | mem: 3006.00	
Ep. [1/50][663/75000] Time(s): 5.64  batch err: 0.0492306 | dataLoadTime: 0.005 | mem: 3006.01	
Ep. [1/50][664/75000] Time(s): 5.69  batch err: 0.0546792 | dataLoadTime: 0.005 | mem: 3006.00	
Ep. [1/50][665/75000] Time(s): 5.66  batch err: 0.0523671 | dataLoadTime: 0.005 | mem: 3006.01	
Ep. [1/50][666/75000] Time(s): 5.65  batch err: 0.0521251 | dataLoadTime: 0.005 | mem: 3006.00	
Ep. [1/50][667/75000] Time(s): 5.70  batch err: 0.0509909 | dataLoadTime: 0.005 | mem: 3006.01	
Ep. [1/50][668/75000] Time(s): 5.74  batch err: 0.0515159 | dataLoadTime: 0.005 | mem: 3006.00	
Ep. [1/50][669/75000] Time(s): 5.64  batch err: 0.0559037 | dataLoadTime: 0.005 | mem: 3006.01	
Ep. [1/50][670/75000] Time(s): 5.65  batch err: 0.0561336 | dataLoadTime: 0.005 | mem: 3006.00	
Ep. [1/50][671/75000] Time(s): 5.65  batch err: 0.0490900 | dataLoadTime: 0.006 | mem: 3006.01	
Ep. [1/50][672/75000] Time(s): 5.70  batch err: 0.0540901 | dataLoadTime: 0.005 | mem: 3006.00	
Ep. [1/50][673/75000] Time(s): 5.64  batch err: 0.0512693 | dataLoadTime: 0.006 | mem: 3006.01	
Ep. [1/50][674/75000] Time(s): 5.66  batch err: 0.0540301 | dataLoadTime: 0.005 | mem: 3006.00	
Ep. [1/50][675/75000] Time(s): 5.69  batch err: 0.0485941 | dataLoadTime: 0.005 | mem: 3006.01	
Ep. [1/50][676/75000] Time(s): 5.62  batch err: 0.0502060 | dataLoadTime: 0.005 | mem: 3006.00	
Ep. [1/50][677/75000] Time(s): 5.62  batch err: 0.0483969 | dataLoadTime: 0.006 | mem: 3006.01	
Ep. [1/50][678/75000] Time(s): 5.65  batch err: 0.0557327 | dataLoadTime: 0.005 | mem: 3006.00	
Ep. [1/50][679/75000] Time(s): 5.65  batch err: 0.0477571 | dataLoadTime: 0.005 | mem: 3006.01	
Ep. [1/50][680/75000] Time(s): 5.69  batch err: 0.0551867 | dataLoadTime: 0.005 | mem: 3006.00	
Ep. [1/50][681/75000] Time(s): 5.67  batch err: 0.0519821 | dataLoadTime: 0.006 | mem: 3006.01	
Ep. [1/50][682/75000] Time(s): 5.67  batch err: 0.0586396 | dataLoadTime: 0.005 | mem: 3006.00	
Ep. [1/50][683/75000] Time(s): 5.66  batch err: 0.0542921 | dataLoadTime: 0.005 | mem: 3006.01	
Ep. [1/50][684/75000] Time(s): 5.68  batch err: 0.0521212 | dataLoadTime: 0.005 | mem: 3006.00	
Ep. [1/50][685/75000] Time(s): 5.67  batch err: 0.0516023 | dataLoadTime: 0.005 | mem: 3006.01	
Ep. [1/50][686/75000] Time(s): 5.66  batch err: 0.0556402 | dataLoadTime: 0.005 | mem: 3006.00	
Ep. [1/50][687/75000] Time(s): 5.68  batch err: 0.0494715 | dataLoadTime: 0.005 | mem: 3006.01	
Ep. [1/50][688/75000] Time(s): 5.67  batch err: 0.0511053 | dataLoadTime: 0.005 | mem: 3006.00	
Ep. [1/50][689/75000] Time(s): 5.72  batch err: 0.0559311 | dataLoadTime: 0.005 | mem: 3006.01	
Ep. [1/50][690/75000] Time(s): 5.65  batch err: 0.0514299 | dataLoadTime: 0.006 | mem: 3006.00	
Ep. [1/50][691/75000] Time(s): 5.64  batch err: 0.0512678 | dataLoadTime: 0.005 | mem: 3006.01	
Ep. [1/50][692/75000] Time(s): 5.67  batch err: 0.0522052 | dataLoadTime: 0.005 | mem: 3006.00	
Ep. [1/50][693/75000] Time(s): 5.65  batch err: 0.0497424 | dataLoadTime: 0.005 | mem: 3006.01	
Ep. [1/50][694/75000] Time(s): 5.66  batch err: 0.0542983 | dataLoadTime: 0.005 | mem: 3006.00	
Ep. [1/50][695/75000] Time(s): 5.62  batch err: 0.0500042 | dataLoadTime: 0.005 | mem: 3006.01	
Ep. [1/50][696/75000] Time(s): 5.62  batch err: 0.0523808 | dataLoadTime: 0.005 | mem: 3006.00	
Ep. [1/50][697/75000] Time(s): 5.63  batch err: 0.0581281 | dataLoadTime: 0.005 | mem: 3006.01	
Ep. [1/50][698/75000] Time(s): 5.60  batch err: 0.0542644 | dataLoadTime: 0.006 | mem: 3006.00	
Ep. [1/50][699/75000] Time(s): 5.63  batch err: 0.0511014 | dataLoadTime: 0.004 | mem: 3006.01	
Ep. [1/50][700/75000] Time(s): 5.63  batch err: 0.0492562 | dataLoadTime: 0.004 | mem: 3006.00	
Ep. [1/50][701/75000] Time(s): 5.62  batch err: 0.0518095 | dataLoadTime: 0.005 | mem: 3006.01	
Ep. [1/50][702/75000] Time(s): 5.63  batch err: 0.0546908 | dataLoadTime: 0.005 | mem: 3006.00	
Ep. [1/50][703/75000] Time(s): 5.62  batch err: 0.0555092 | dataLoadTime: 0.005 | mem: 3006.01	
Ep. [1/50][704/75000] Time(s): 5.74  batch err: 0.0551652 | dataLoadTime: 0.005 | mem: 3006.00	
Ep. [1/50][705/75000] Time(s): 5.70  batch err: 0.0474517 | dataLoadTime: 0.006 | mem: 3006.01	
Ep. [1/50][706/75000] Time(s): 5.75  batch err: 0.0524097 | dataLoadTime: 0.005 | mem: 3006.00	
Ep. [1/50][707/75000] Time(s): 5.70  batch err: 0.0499983 | dataLoadTime: 0.005 | mem: 3006.01	
Ep. [1/50][708/75000] Time(s): 5.63  batch err: 0.0557198 | dataLoadTime: 0.005 | mem: 3006.00	
Ep. [1/50][709/75000] Time(s): 5.72  batch err: 0.0517835 | dataLoadTime: 0.006 | mem: 3006.01	
Ep. [1/50][710/75000] Time(s): 5.71  batch err: 0.0513309 | dataLoadTime: 0.005 | mem: 3006.00	
Ep. [1/50][711/75000] Time(s): 5.84  batch err: 0.0468727 | dataLoadTime: 0.005 | mem: 3006.01	
Ep. [1/50][712/75000] Time(s): 5.62  batch err: 0.0478579 | dataLoadTime: 0.005 | mem: 3006.00	
Ep. [1/50][713/75000] Time(s): 5.68  batch err: 0.0533234 | dataLoadTime: 0.005 | mem: 3006.01	
Ep. [1/50][714/75000] Time(s): 5.70  batch err: 0.0688751 | dataLoadTime: 0.006 | mem: 3006.00	
Ep. [1/50][715/75000] Time(s): 5.63  batch err: 0.0460404 | dataLoadTime: 0.005 | mem: 3006.01	
Ep. [1/50][716/75000] Time(s): 5.71  batch err: 0.0495769 | dataLoadTime: 0.005 | mem: 3006.00	
Ep. [1/50][717/75000] Time(s): 5.74  batch err: 0.0515953 | dataLoadTime: 0.005 | mem: 3006.01	
Ep. [1/50][718/75000] Time(s): 5.65  batch err: 0.0488434 | dataLoadTime: 0.005 | mem: 3006.00	
Ep. [1/50][719/75000] Time(s): 5.66  batch err: 0.0532448 | dataLoadTime: 0.006 | mem: 3006.01	
Ep. [1/50][720/75000] Time(s): 5.63  batch err: 0.0500541 | dataLoadTime: 0.005 | mem: 3006.00	
Ep. [1/50][721/75000] Time(s): 5.64  batch err: 0.0548432 | dataLoadTime: 0.006 | mem: 3006.01	
Ep. [1/50][722/75000] Time(s): 5.63  batch err: 0.0499610 | dataLoadTime: 0.006 | mem: 3006.00	
Ep. [1/50][723/75000] Time(s): 5.64  batch err: 0.0508917 | dataLoadTime: 0.005 | mem: 3006.01	
Ep. [1/50][724/75000] Time(s): 5.64  batch err: 0.0511996 | dataLoadTime: 0.005 | mem: 3006.00	
Ep. [1/50][725/75000] Time(s): 5.66  batch err: 0.0530166 | dataLoadTime: 0.005 | mem: 3006.01	
Ep. [1/50][726/75000] Time(s): 5.62  batch err: 0.0478377 | dataLoadTime: 0.006 | mem: 3006.00	
Ep. [1/50][727/75000] Time(s): 5.64  batch err: 0.0473943 | dataLoadTime: 0.005 | mem: 3006.01	
Ep. [1/50][728/75000] Time(s): 5.62  batch err: 0.0434608 | dataLoadTime: 0.005 | mem: 3006.00	
Ep. [1/50][729/75000] Time(s): 5.61  batch err: 0.0510127 | dataLoadTime: 0.005 | mem: 3006.01	
Ep. [1/50][730/75000] Time(s): 5.67  batch err: 0.0511593 | dataLoadTime: 0.005 | mem: 3006.00	
Ep. [1/50][731/75000] Time(s): 5.73  batch err: 0.0544239 | dataLoadTime: 0.006 | mem: 3006.01	
Ep. [1/50][732/75000] Time(s): 5.67  batch err: 0.0529736 | dataLoadTime: 0.005 | mem: 3006.00	
Ep. [1/50][733/75000] Time(s): 5.72  batch err: 0.0498682 | dataLoadTime: 0.006 | mem: 3006.01	
Ep. [1/50][734/75000] Time(s): 5.81  batch err: 0.0487599 | dataLoadTime: 0.005 | mem: 3006.00	
Ep. [1/50][735/75000] Time(s): 5.70  batch err: 0.0512004 | dataLoadTime: 0.005 | mem: 3006.01	
Ep. [1/50][736/75000] Time(s): 5.67  batch err: 0.0484177 | dataLoadTime: 0.006 | mem: 3006.00	
Ep. [1/50][737/75000] Time(s): 5.62  batch err: 0.0531914 | dataLoadTime: 0.005 | mem: 3006.01	
Ep. [1/50][738/75000] Time(s): 5.72  batch err: 0.0534481 | dataLoadTime: 0.006 | mem: 3006.00	
Ep. [1/50][739/75000] Time(s): 5.75  batch err: 0.0562750 | dataLoadTime: 0.005 | mem: 3006.01	
Ep. [1/50][740/75000] Time(s): 5.84  batch err: 0.0478383 | dataLoadTime: 0.005 | mem: 3006.00	
Ep. [1/50][741/75000] Time(s): 5.66  batch err: 0.0480823 | dataLoadTime: 0.005 | mem: 3006.01	
Ep. [1/50][742/75000] Time(s): 5.68  batch err: 0.0475463 | dataLoadTime: 0.005 | mem: 3006.00	
Ep. [1/50][743/75000] Time(s): 5.66  batch err: 0.0464970 | dataLoadTime: 0.006 | mem: 3006.01	
Ep. [1/50][744/75000] Time(s): 5.67  batch err: 0.0469013 | dataLoadTime: 0.005 | mem: 3006.00	
Ep. [1/50][745/75000] Time(s): 5.66  batch err: 0.0489369 | dataLoadTime: 0.006 | mem: 3006.01	
Ep. [1/50][746/75000] Time(s): 5.77  batch err: 0.0517851 | dataLoadTime: 0.005 | mem: 3006.00	
Ep. [1/50][747/75000] Time(s): 5.66  batch err: 0.0499868 | dataLoadTime: 0.005 | mem: 3006.01	
Ep. [1/50][748/75000] Time(s): 5.65  batch err: 0.0533899 | dataLoadTime: 0.005 | mem: 3006.00	
Ep. [1/50][749/75000] Time(s): 5.65  batch err: 0.0462694 | dataLoadTime: 0.005 | mem: 3006.01	
Ep. [1/50][750/75000] Time(s): 5.66  batch err: 0.0491979 | dataLoadTime: 0.005 | mem: 3006.00	
Ep. [1/50][751/75000] Time(s): 5.67  batch err: 0.0507570 | dataLoadTime: 0.005 | mem: 3006.01	
Ep. [1/50][752/75000] Time(s): 5.69  batch err: 0.0482300 | dataLoadTime: 0.005 | mem: 3006.00	
Ep. [1/50][753/75000] Time(s): 5.64  batch err: 0.0535311 | dataLoadTime: 0.005 | mem: 3006.01	
Ep. [1/50][754/75000] Time(s): 5.67  batch err: 0.0483211 | dataLoadTime: 0.005 | mem: 3006.00	
Ep. [1/50][755/75000] Time(s): 5.64  batch err: 0.0476029 | dataLoadTime: 0.005 | mem: 3006.01	
Ep. [1/50][756/75000] Time(s): 5.65  batch err: 0.0510926 | dataLoadTime: 0.005 | mem: 3006.00	
Ep. [1/50][757/75000] Time(s): 5.83  batch err: 0.0473962 | dataLoadTime: 0.005 | mem: 3006.01	
Ep. [1/50][758/75000] Time(s): 5.66  batch err: 0.0524425 | dataLoadTime: 0.005 | mem: 3006.00	
Ep. [1/50][759/75000] Time(s): 5.66  batch err: 0.0485884 | dataLoadTime: 0.005 | mem: 3006.01	
Ep. [1/50][760/75000] Time(s): 5.65  batch err: 0.0520742 | dataLoadTime: 0.005 | mem: 3006.00	
Ep. [1/50][761/75000] Time(s): 5.65  batch err: 0.0494468 | dataLoadTime: 0.005 | mem: 3006.01	
Ep. [1/50][762/75000] Time(s): 5.67  batch err: 0.0495527 | dataLoadTime: 0.005 | mem: 3006.00	
Ep. [1/50][763/75000] Time(s): 5.79  batch err: 0.0567870 | dataLoadTime: 0.005 | mem: 3006.01	
Ep. [1/50][764/75000] Time(s): 5.66  batch err: 0.0536522 | dataLoadTime: 0.005 | mem: 3006.00	
Ep. [1/50][765/75000] Time(s): 5.68  batch err: 0.0574964 | dataLoadTime: 0.005 | mem: 3006.01	
Ep. [1/50][766/75000] Time(s): 5.65  batch err: 0.0491977 | dataLoadTime: 0.005 | mem: 3006.00	
Ep. [1/50][767/75000] Time(s): 5.66  batch err: 0.0482349 | dataLoadTime: 0.005 | mem: 3006.01	
Ep. [1/50][768/75000] Time(s): 5.67  batch err: 0.0471937 | dataLoadTime: 0.005 | mem: 3006.00	
Ep. [1/50][769/75000] Time(s): 5.64  batch err: 0.0515519 | dataLoadTime: 0.005 | mem: 3006.01	
Ep. [1/50][770/75000] Time(s): 5.67  batch err: 0.0504459 | dataLoadTime: 0.005 | mem: 3006.00	
Ep. [1/50][771/75000] Time(s): 5.66  batch err: 0.0494826 | dataLoadTime: 0.005 | mem: 3006.01	
Ep. [1/50][772/75000] Time(s): 5.66  batch err: 0.0453919 | dataLoadTime: 0.005 | mem: 3006.00	
Ep. [1/50][773/75000] Time(s): 5.71  batch err: 0.0483198 | dataLoadTime: 0.005 | mem: 3006.01	
Ep. [1/50][774/75000] Time(s): 5.65  batch err: 0.0538378 | dataLoadTime: 0.005 | mem: 3006.00	
Ep. [1/50][775/75000] Time(s): 5.65  batch err: 0.0474474 | dataLoadTime: 0.005 | mem: 3006.01	
Ep. [1/50][776/75000] Time(s): 5.64  batch err: 0.0466377 | dataLoadTime: 0.005 | mem: 3006.00	
Ep. [1/50][777/75000] Time(s): 5.61  batch err: 0.0479714 | dataLoadTime: 0.005 | mem: 3006.01	
Ep. [1/50][778/75000] Time(s): 5.61  batch err: 0.0490307 | dataLoadTime: 0.005 | mem: 3006.00	
Ep. [1/50][779/75000] Time(s): 5.63  batch err: 0.0461945 | dataLoadTime: 0.004 | mem: 3006.01	
Ep. [1/50][780/75000] Time(s): 5.61  batch err: 0.0516105 | dataLoadTime: 0.004 | mem: 3006.00	
Ep. [1/50][781/75000] Time(s): 5.62  batch err: 0.0510006 | dataLoadTime: 0.004 | mem: 3006.01	
Ep. [1/50][782/75000] Time(s): 5.64  batch err: 0.0478173 | dataLoadTime: 0.005 | mem: 3006.00	
Ep. [1/50][783/75000] Time(s): 5.68  batch err: 0.0537122 | dataLoadTime: 0.005 | mem: 3006.01	
Ep. [1/50][784/75000] Time(s): 5.65  batch err: 0.0452968 | dataLoadTime: 0.005 | mem: 3006.00	
Ep. [1/50][785/75000] Time(s): 5.67  batch err: 0.0495156 | dataLoadTime: 0.005 | mem: 3006.01	
Ep. [1/50][786/75000] Time(s): 5.67  batch err: 0.0509221 | dataLoadTime: 0.005 | mem: 3006.00	
Ep. [1/50][787/75000] Time(s): 5.68  batch err: 0.0466555 | dataLoadTime: 0.005 | mem: 3006.01	
Ep. [1/50][788/75000] Time(s): 5.62  batch err: 0.0477304 | dataLoadTime: 0.005 | mem: 3006.00	
Ep. [1/50][789/75000] Time(s): 5.66  batch err: 0.0466038 | dataLoadTime: 0.005 | mem: 3006.01	
Ep. [1/50][790/75000] Time(s): 5.65  batch err: 0.0445514 | dataLoadTime: 0.005 | mem: 3006.00	
Ep. [1/50][791/75000] Time(s): 5.63  batch err: 0.0484052 | dataLoadTime: 0.005 | mem: 3006.01	
Ep. [1/50][792/75000] Time(s): 5.66  batch err: 0.0480684 | dataLoadTime: 0.005 | mem: 3006.00	
Ep. [1/50][793/75000] Time(s): 5.64  batch err: 0.0482711 | dataLoadTime: 0.005 | mem: 3006.01	
Ep. [1/50][794/75000] Time(s): 5.65  batch err: 0.0471951 | dataLoadTime: 0.005 | mem: 3006.00	
Ep. [1/50][795/75000] Time(s): 5.69  batch err: 0.0477441 | dataLoadTime: 0.005 | mem: 3006.01	
Ep. [1/50][796/75000] Time(s): 5.65  batch err: 0.0551518 | dataLoadTime: 0.005 | mem: 3006.00	
Ep. [1/50][797/75000] Time(s): 5.64  batch err: 0.0473549 | dataLoadTime: 0.005 | mem: 3006.01	
Ep. [1/50][798/75000] Time(s): 5.62  batch err: 0.0485844 | dataLoadTime: 0.005 | mem: 3006.00	
Ep. [1/50][799/75000] Time(s): 5.65  batch err: 0.0511250 | dataLoadTime: 0.005 | mem: 3006.01	
Ep. [1/50][800/75000] Time(s): 5.63  batch err: 0.0472248 | dataLoadTime: 0.005 | mem: 3006.00	
Ep. [1/50][801/75000] Time(s): 5.67  batch err: 0.0490960 | dataLoadTime: 0.005 | mem: 3006.01	
Ep. [1/50][802/75000] Time(s): 5.70  batch err: 0.0514694 | dataLoadTime: 0.005 | mem: 3006.00	
Ep. [1/50][803/75000] Time(s): 5.65  batch err: 0.0388531 | dataLoadTime: 0.005 | mem: 3006.01	
Ep. [1/50][804/75000] Time(s): 5.66  batch err: 0.0523412 | dataLoadTime: 0.005 | mem: 3006.00	
Ep. [1/50][805/75000] Time(s): 5.65  batch err: 0.0476835 | dataLoadTime: 0.005 | mem: 3006.01	
Ep. [1/50][806/75000] Time(s): 5.62  batch err: 0.0512566 | dataLoadTime: 0.005 | mem: 3006.00	
Ep. [1/50][807/75000] Time(s): 5.63  batch err: 0.0455224 | dataLoadTime: 0.005 | mem: 3006.01	
Ep. [1/50][808/75000] Time(s): 5.71  batch err: 0.0552173 | dataLoadTime: 0.005 | mem: 3006.00	
Ep. [1/50][809/75000] Time(s): 5.68  batch err: 0.0476086 | dataLoadTime: 0.005 | mem: 3006.01	
Ep. [1/50][810/75000] Time(s): 5.64  batch err: 0.0539798 | dataLoadTime: 0.005 | mem: 3006.00	
Ep. [1/50][811/75000] Time(s): 5.65  batch err: 0.0487320 | dataLoadTime: 0.006 | mem: 3006.01	
Ep. [1/50][812/75000] Time(s): 5.65  batch err: 0.0491721 | dataLoadTime: 0.005 | mem: 3006.00	
Ep. [1/50][813/75000] Time(s): 5.61  batch err: 0.0469502 | dataLoadTime: 0.006 | mem: 3006.01	
Ep. [1/50][814/75000] Time(s): 5.65  batch err: 0.0531546 | dataLoadTime: 0.005 | mem: 3006.00	
Ep. [1/50][815/75000] Time(s): 5.65  batch err: 0.0448642 | dataLoadTime: 0.005 | mem: 3006.01	
Ep. [1/50][816/75000] Time(s): 5.68  batch err: 0.0464106 | dataLoadTime: 0.005 | mem: 3006.00	
Ep. [1/50][817/75000] Time(s): 5.68  batch err: 0.0500343 | dataLoadTime: 0.006 | mem: 3006.01	
Ep. [1/50][818/75000] Time(s): 5.64  batch err: 0.0467646 | dataLoadTime: 0.005 | mem: 3006.00	
Ep. [1/50][819/75000] Time(s): 5.65  batch err: 0.0499918 | dataLoadTime: 0.005 | mem: 3006.01	
Ep. [1/50][820/75000] Time(s): 5.67  batch err: 0.0479960 | dataLoadTime: 0.005 | mem: 3006.00	
Ep. [1/50][821/75000] Time(s): 5.66  batch err: 0.0533645 | dataLoadTime: 0.005 | mem: 3006.01	
Ep. [1/50][822/75000] Time(s): 5.67  batch err: 0.0481807 | dataLoadTime: 0.005 | mem: 3006.00	
Ep. [1/50][823/75000] Time(s): 5.65  batch err: 0.0470284 | dataLoadTime: 0.006 | mem: 3006.01	
Ep. [1/50][824/75000] Time(s): 5.64  batch err: 0.0535619 | dataLoadTime: 0.005 | mem: 3006.00	
Ep. [1/50][825/75000] Time(s): 5.65  batch err: 0.0485722 | dataLoadTime: 0.005 | mem: 3006.01	
Ep. [1/50][826/75000] Time(s): 5.64  batch err: 0.0490416 | dataLoadTime: 0.005 | mem: 3006.00	
Ep. [1/50][827/75000] Time(s): 5.63  batch err: 0.0532536 | dataLoadTime: 0.005 | mem: 3006.01	
Ep. [1/50][828/75000] Time(s): 5.64  batch err: 0.0501552 | dataLoadTime: 0.005 | mem: 3006.00	
Ep. [1/50][829/75000] Time(s): 5.65  batch err: 0.0487449 | dataLoadTime: 0.005 | mem: 3006.01	
Ep. [1/50][830/75000] Time(s): 5.63  batch err: 0.0501356 | dataLoadTime: 0.005 | mem: 3006.00	
Ep. [1/50][831/75000] Time(s): 5.63  batch err: 0.0462604 | dataLoadTime: 0.005 | mem: 3006.01	
Ep. [1/50][832/75000] Time(s): 5.65  batch err: 0.0486192 | dataLoadTime: 0.005 | mem: 3006.00	
Ep. [1/50][833/75000] Time(s): 5.63  batch err: 0.0494692 | dataLoadTime: 0.005 | mem: 3006.01	
Ep. [1/50][834/75000] Time(s): 5.63  batch err: 0.0511626 | dataLoadTime: 0.006 | mem: 3006.00	
Ep. [1/50][835/75000] Time(s): 5.68  batch err: 0.0496896 | dataLoadTime: 0.005 | mem: 3006.01	
Ep. [1/50][836/75000] Time(s): 5.65  batch err: 0.0542053 | dataLoadTime: 0.006 | mem: 3006.00	
Ep. [1/50][837/75000] Time(s): 5.65  batch err: 0.0485443 | dataLoadTime: 0.005 | mem: 3006.01	
Ep. [1/50][838/75000] Time(s): 5.65  batch err: 0.0525241 | dataLoadTime: 0.005 | mem: 3006.00	
Ep. [1/50][839/75000] Time(s): 5.64  batch err: 0.0501999 | dataLoadTime: 0.005 | mem: 3006.01	
Ep. [1/50][840/75000] Time(s): 5.63  batch err: 0.0503141 | dataLoadTime: 0.005 | mem: 3006.00	
Ep. [1/50][841/75000] Time(s): 5.65  batch err: 0.0495720 | dataLoadTime: 0.006 | mem: 3006.01	
Ep. [1/50][842/75000] Time(s): 5.67  batch err: 0.0500235 | dataLoadTime: 0.005 | mem: 3006.00	
Ep. [1/50][843/75000] Time(s): 5.64  batch err: 0.0480364 | dataLoadTime: 0.005 | mem: 3006.01	
Ep. [1/50][844/75000] Time(s): 5.62  batch err: 0.0505432 | dataLoadTime: 0.005 | mem: 3006.00	
Ep. [1/50][845/75000] Time(s): 5.62  batch err: 0.0467778 | dataLoadTime: 0.006 | mem: 3006.01	
Ep. [1/50][846/75000] Time(s): 5.65  batch err: 0.0476682 | dataLoadTime: 0.005 | mem: 3006.00	
Ep. [1/50][847/75000] Time(s): 5.64  batch err: 0.0465960 | dataLoadTime: 0.005 | mem: 3006.01	
Ep. [1/50][848/75000] Time(s): 5.64  batch err: 0.0493695 | dataLoadTime: 0.005 | mem: 3006.00	
Ep. [1/50][849/75000] Time(s): 5.64  batch err: 0.0447127 | dataLoadTime: 0.005 | mem: 3006.01	
Ep. [1/50][850/75000] Time(s): 5.68  batch err: 0.0488369 | dataLoadTime: 0.005 | mem: 3006.00	
Ep. [1/50][851/75000] Time(s): 5.64  batch err: 0.0487510 | dataLoadTime: 0.006 | mem: 3006.01	
Ep. [1/50][852/75000] Time(s): 5.65  batch err: 0.0500577 | dataLoadTime: 0.005 | mem: 3006.00	
Ep. [1/50][853/75000] Time(s): 5.63  batch err: 0.0465557 | dataLoadTime: 0.006 | mem: 3006.01	
Ep. [1/50][854/75000] Time(s): 5.62  batch err: 0.0473207 | dataLoadTime: 0.005 | mem: 3006.00	
Ep. [1/50][855/75000] Time(s): 5.62  batch err: 0.0440637 | dataLoadTime: 0.005 | mem: 3006.24	
Ep. [1/50][856/75000] Time(s): 5.64  batch err: 0.0523687 | dataLoadTime: 0.004 | mem: 3006.00	
Ep. [1/50][857/75000] Time(s): 5.62  batch err: 0.0463350 | dataLoadTime: 0.005 | mem: 3006.01	
Ep. [1/50][858/75000] Time(s): 5.63  batch err: 0.0538292 | dataLoadTime: 0.005 | mem: 3006.00	
Ep. [1/50][859/75000] Time(s): 5.63  batch err: 0.0491578 | dataLoadTime: 0.005 | mem: 3006.01	
Ep. [1/50][860/75000] Time(s): 5.66  batch err: 0.0535639 | dataLoadTime: 0.005 | mem: 3006.00	
Ep. [1/50][861/75000] Time(s): 5.67  batch err: 0.0457828 | dataLoadTime: 0.005 | mem: 3006.01	
Ep. [1/50][862/75000] Time(s): 5.64  batch err: 0.0484315 | dataLoadTime: 0.005 | mem: 3006.00	
Ep. [1/50][863/75000] Time(s): 5.61  batch err: 0.0511410 | dataLoadTime: 0.005 | mem: 3006.01	
Ep. [1/50][864/75000] Time(s): 5.62  batch err: 0.0445998 | dataLoadTime: 0.006 | mem: 3006.00	
Ep. [1/50][865/75000] Time(s): 5.66  batch err: 0.0443645 | dataLoadTime: 0.005 | mem: 3006.01	
Ep. [1/50][866/75000] Time(s): 5.66  batch err: 0.0482388 | dataLoadTime: 0.006 | mem: 3006.00	
Ep. [1/50][867/75000] Time(s): 5.63  batch err: 0.0512149 | dataLoadTime: 0.005 | mem: 3006.01	
Ep. [1/50][868/75000] Time(s): 5.61  batch err: 0.0521727 | dataLoadTime: 0.006 | mem: 3006.00	
Ep. [1/50][869/75000] Time(s): 5.63  batch err: 0.0489696 | dataLoadTime: 0.005 | mem: 3006.01	
Ep. [1/50][870/75000] Time(s): 5.66  batch err: 0.0482774 | dataLoadTime: 0.005 | mem: 3006.00	
Ep. [1/50][871/75000] Time(s): 5.83  batch err: 0.0509016 | dataLoadTime: 0.005 | mem: 3006.01	
Ep. [1/50][872/75000] Time(s): 5.73  batch err: 0.0448831 | dataLoadTime: 0.005 | mem: 3006.00	
Ep. [1/50][873/75000] Time(s): 5.67  batch err: 0.0476078 | dataLoadTime: 0.005 | mem: 3006.01	
Ep. [1/50][874/75000] Time(s): 5.80  batch err: 0.0541917 | dataLoadTime: 0.005 | mem: 3006.00	
Ep. [1/50][875/75000] Time(s): 5.65  batch err: 0.0467811 | dataLoadTime: 0.005 | mem: 3006.01	
Ep. [1/50][876/75000] Time(s): 5.62  batch err: 0.0471845 | dataLoadTime: 0.005 | mem: 3006.00	
Ep. [1/50][877/75000] Time(s): 5.62  batch err: 0.0432978 | dataLoadTime: 0.005 | mem: 3006.01	
Ep. [1/50][878/75000] Time(s): 5.62  batch err: 0.0419239 | dataLoadTime: 0.006 | mem: 3006.00	
Ep. [1/50][879/75000] Time(s): 5.60  batch err: 0.0504873 | dataLoadTime: 0.005 | mem: 3006.01	
Ep. [1/50][880/75000] Time(s): 5.62  batch err: 0.0424315 | dataLoadTime: 0.005 | mem: 3006.00	
Ep. [1/50][881/75000] Time(s): 5.63  batch err: 0.0470932 | dataLoadTime: 0.006 | mem: 3006.01	
Ep. [1/50][882/75000] Time(s): 5.70  batch err: 0.0480288 | dataLoadTime: 0.005 | mem: 3006.00	
Ep. [1/50][883/75000] Time(s): 5.64  batch err: 0.0523058 | dataLoadTime: 0.005 | mem: 3006.01	
